[10877][1586108213350][main][info]["Booting Postman 7.21.2, linux-5.4.0-4parrot1-cloud-amd64 on x64"]
[10877][1586108213357][main][info]["EventBus~initialize - Success"]
[10877][1586108213362][main][warn]["CloudProxyManager~init: Error while reading proxy configuration from user data - ",{"errno":-2,"code":"ENOENT","syscall":"open","path":"/home/test/.config/Postman/Postman_Config/proxy","name":"Error","message":"ENOENT: no such file or directory, open '/home/test/.config/Postman/Postman_Config/proxy'","stack":"Error: ENOENT: no such file or directory, open '/home/test/.config/Postman/Postman_Config/proxy'"}]
[10877][1586108213374][main][info]["CloudProxyManager~init - Success"]
[10877][1586108213428][main][info]["UpdateHandler~init - Success"]
[10877][1586108213434][main][info]["RuntimeExecutionService~initialized: Success"]
[10877][1586108213888][main][info]["LinuxAutoUpdater~Cleanup - Initial cleanup successful"]
[10877][1586108214101][main][info]["Bootstrap-models~bootstrap - Success"]
[10877][1586108215257][main][info]["window-manager~newSharedWindow: Shell loaded"]
[10877][1586108225049][main][info]["Main~AppEvents - Received booted event for process shared"]
[10877][1586108232317][main][info]["UpdateHandler~app-update-events - Received event",{"name":"checkForElectronVersionUpdated","namespace":"appUpdate"}]
[10877][1586108232415][main][info]["Main~AppEvents - Received booted event for process requester"]
[10877][1586108239693][main][info]["WindowManager~closeHandler - Closed Window (id: 4 )"]
[10877][1586108239748][main][info]["Quitting app"]
[11184][1586108248705][main][info]["Booting Postman 7.21.2, linux-5.4.0-4parrot1-cloud-amd64 on x64"]
[11184][1586108248712][main][info]["EventBus~initialize - Success"]
[11184][1586108248730][main][warn]["CloudProxyManager~init: Error while reading proxy configuration from user data - ",{"errno":-2,"code":"ENOENT","syscall":"open","path":"/home/test/.config/Postman/Postman_Config/proxy","name":"Error","message":"ENOENT: no such file or directory, open '/home/test/.config/Postman/Postman_Config/proxy'","stack":"Error: ENOENT: no such file or directory, open '/home/test/.config/Postman/Postman_Config/proxy'"}]
[11184][1586108248733][main][info]["CloudProxyManager~init - Success"]
[11184][1586108248760][main][info]["UpdateHandler~init - Success"]
[11184][1586108248764][main][info]["RuntimeExecutionService~initialized: Success"]
[11184][1586108249139][main][info]["LinuxAutoUpdater~Cleanup - Initial cleanup successful"]
[11184][1586108249338][main][info]["Bootstrap-models~bootstrap - Success"]
[11184][1586108250146][main][info]["window-manager~newSharedWindow: Shell loaded"]
[11184][1586108254101][main][info]["Main~AppEvents - Received booted event for process shared"]
[11184][1586108259450][main][info]["UpdateHandler~app-update-events - Received event",{"name":"checkForElectronVersionUpdated","namespace":"appUpdate"}]
[11184][1586108259502][main][info]["Main~AppEvents - Received booted event for process requester"]
[11184][1586108262890][main][info]["WindowManager~closeHandler - Closed Window (id: 3 )"]
[11184][1586108262955][main][info]["Quitting app"]
[11722][1586108341987][main][info]["Booting Postman 7.21.2, linux-5.4.0-4parrot1-cloud-amd64 on x64"]
[11722][1586108341999][main][info]["EventBus~initialize - Success"]
[11722][1586108342021][main][warn]["CloudProxyManager~init: Error while reading proxy configuration from user data - ",{"errno":-2,"code":"ENOENT","syscall":"open","path":"/home/test/.config/Postman/Postman_Config/proxy","name":"Error","message":"ENOENT: no such file or directory, open '/home/test/.config/Postman/Postman_Config/proxy'","stack":"Error: ENOENT: no such file or directory, open '/home/test/.config/Postman/Postman_Config/proxy'"}]
[11722][1586108342026][main][info]["CloudProxyManager~init - Success"]
[11722][1586108342076][main][info]["UpdateHandler~init - Success"]
[11722][1586108342078][main][info]["RuntimeExecutionService~initialized: Success"]
[11722][1586108342508][main][info]["LinuxAutoUpdater~Cleanup - Initial cleanup successful"]
[11722][1586108342746][main][info]["Bootstrap-models~bootstrap - Success"]
[11722][1586108343718][main][info]["window-manager~newSharedWindow: Shell loaded"]
[11722][1586108348159][main][info]["Main~AppEvents - Received booted event for process shared"]
[11722][1586108354958][main][info]["UpdateHandler~app-update-events - Received event",{"name":"checkForElectronVersionUpdated","namespace":"appUpdate"}]
[11722][1586108355081][main][info]["Main~AppEvents - Received booted event for process requester"]
[11722][1586108406031][main][info]["WindowManager~closeHandler - Closed Window (id: 3 )"]
[11722][1586108406113][main][info]["Quitting app"]
[12089][1586108413795][main][info]["Booting Postman 7.21.2, linux-5.4.0-4parrot1-cloud-amd64 on x64"]
[12089][1586108413806][main][info]["EventBus~initialize - Success"]
[12089][1586108413816][main][warn]["CloudProxyManager~init: Error while reading proxy configuration from user data - ",{"errno":-2,"code":"ENOENT","syscall":"open","path":"/home/test/.config/Postman/Postman_Config/proxy","name":"Error","message":"ENOENT: no such file or directory, open '/home/test/.config/Postman/Postman_Config/proxy'","stack":"Error: ENOENT: no such file or directory, open '/home/test/.config/Postman/Postman_Config/proxy'"}]
[12089][1586108413818][main][info]["CloudProxyManager~init - Success"]
[12089][1586108413836][main][info]["UpdateHandler~init - Success"]
[12089][1586108413837][main][info]["RuntimeExecutionService~initialized: Success"]
[12089][1586108414243][main][info]["LinuxAutoUpdater~Cleanup - Initial cleanup successful"]
[12089][1586108414607][main][info]["Bootstrap-models~bootstrap - Success"]
[12089][1586108415611][main][info]["window-manager~newSharedWindow: Shell loaded"]
[12089][1586108419837][main][info]["Main~AppEvents - Received booted event for process shared"]
[12089][1586108424601][main][info]["UpdateHandler~app-update-events - Received event",{"name":"checkForElectronVersionUpdated","namespace":"appUpdate"}]
[12089][1586108424642][main][info]["Main~AppEvents - Received booted event for process requester"]
[12089][1586108429903][main][info]["WindowManager~closeHandler - Closed Window (id: 3 )"]
[12089][1586108429971][main][info]["Quitting app"]
[25413][1586117240943][main][info]["Booting Postman 7.21.2, linux-5.4.0-4parrot1-cloud-amd64 on x64"]
[25413][1586117240955][main][info]["EventBus~initialize - Success"]
[25413][1586117240962][main][warn]["CloudProxyManager~init: Error while reading proxy configuration from user data - ",{"errno":-2,"code":"ENOENT","syscall":"open","path":"/home/test/.config/Postman/Postman_Config/proxy","name":"Error","message":"ENOENT: no such file or directory, open '/home/test/.config/Postman/Postman_Config/proxy'","stack":"Error: ENOENT: no such file or directory, open '/home/test/.config/Postman/Postman_Config/proxy'"}]
[25413][1586117240964][main][info]["CloudProxyManager~init - Success"]
[25413][1586117240987][main][info]["UpdateHandler~init - Success"]
[25413][1586117240998][main][info]["RuntimeExecutionService~initialized: Success"]
[25413][1586117241503][main][info]["LinuxAutoUpdater~Cleanup - Initial cleanup successful"]
[25413][1586117241772][main][info]["Bootstrap-models~bootstrap - Success"]
[25413][1586117242584][main][info]["window-manager~newSharedWindow: Shell loaded"]
[25413][1586117246850][main][info]["Main~AppEvents - Received booted event for process shared"]
[25413][1586117252610][main][info]["UpdateHandler~app-update-events - Received event",{"name":"checkForElectronVersionUpdated","namespace":"appUpdate"}]
[25413][1586117252720][main][info]["Main~AppEvents - Received booted event for process requester"]
[25413][1586117267414][main][info]["WindowManager~closeHandler - Closed Window (id: 3 )"]
[25413][1586117267484][main][info]["Quitting app"]
[8372][1586194734520][main][info]["Booting Postman 7.21.2, linux-5.4.0-4parrot1-cloud-amd64 on x64"]
[8372][1586194734528][main][info]["EventBus~initialize - Success"]
[8372][1586194734535][main][warn]["CloudProxyManager~init: Error while reading proxy configuration from user data - ",{"errno":-2,"code":"ENOENT","syscall":"open","path":"/home/test/.config/Postman/Postman_Config/proxy","name":"Error","message":"ENOENT: no such file or directory, open '/home/test/.config/Postman/Postman_Config/proxy'","stack":"Error: ENOENT: no such file or directory, open '/home/test/.config/Postman/Postman_Config/proxy'"}]
[8372][1586194734536][main][info]["CloudProxyManager~init - Success"]
[8372][1586194734559][main][info]["UpdateHandler~init - Success"]
[8372][1586194734561][main][info]["RuntimeExecutionService~initialized: Success"]
[8372][1586194734914][main][info]["LinuxAutoUpdater~Cleanup - Initial cleanup successful"]
[8372][1586194735193][main][info]["Bootstrap-models~bootstrap - Success"]
[8372][1586194735916][main][info]["window-manager~newSharedWindow: Shell loaded"]
[8372][1586194739824][main][info]["Main~AppEvents - Received booted event for process shared"]
[8372][1586194745719][main][info]["UpdateHandler~app-update-events - Received event",{"name":"checkForElectronVersionUpdated","namespace":"appUpdate"}]
[8372][1586194745782][main][info]["Main~AppEvents - Received booted event for process requester"]
[8372][1586194753212][main][info]["WindowManager~closeHandler - Closed Window (id: 3 )"]
[8372][1586194753261][main][info]["Quitting app"]
