[10877][1586108223831][shared][info]["EventBus~initialize - Success"]
[10877][1586108223848][shared][info]["Messaging~boot - Success"]
[10877][1586108223981][shared][info]["bootCrashReporter~ Success"]
[10877][1586108224007][shared][info]["Telemetry~boot - Success"]
[10877][1586108224009][shared][info]["bootConfigurations~initialize - Success"]
[10877][1586108224091][shared][info]["Settings~boot - Success"]
[10877][1586108224093][shared][info]["Migrations: Starting migrations"]
[10877][1586108224094][shared][info]["Migrations: Walking migration","0000_initial"]
[10877][1586108224094][shared][info]["Migrations: Walking migration","0001_add_archived_resources_table"]
[10877][1586108224122][shared][info]["Migrations: Walking migration","0002_add_variable_sessions_table"]
[10877][1586108224122][shared][info]["Migrations: Walking migration","0003_add_editor_tables"]
[10877][1586108224122][shared][info]["Migrations: Walking migration","0004_migrate_ws_session_data"]
[10877][1586108224122][shared][info]["Migrations: Walking migration","0005_cleanup_request_response_and_history_body"]
[10877][1586108224122][shared][info]["Migrations: Walking migration","0006_add_dbp_to_request_response_and_history"]
[10877][1586108224124][shared][info]["Migrations: Walking migration","0007_add_sync_client_buckets_by_order_id_table"]
[10877][1586108224124][shared][info]["Migrations: Walking migration","0008_migrate_to_sync_client_buckets_by_order_id"]
[10877][1586108224124][shared][info]["Migrations: Walking migration","0009_remove_sync_client_buckets_table"]
[10877][1586108224124][shared][info]["Migrations: Walking migration","0010_add_history_owner"]
[10877][1586108224124][shared][info]["Migrations: Walking migration","0011_add_history_response_table"]
[10877][1586108224125][shared][info]["Migrations: Walking migration","0012_add_user_data_table"]
[10877][1586108224125][shared][info]["Migrations: Walking migration","0013_sanitize_request_response_and_history_methods"]
[10877][1586108224142][shared][info]["Migrations: Walking migration","0014_sanitize_response_requestobject_rawmodedata"]
[10877][1586108224142][shared][info]["Migrations: Walking migration","0015_add_favorited_collections_table"]
[10877][1586108224143][shared][info]["Migrations: Walking migration","0016_add_permission_table"]
[10877][1586108224143][shared][info]["Migrations: Walking migration","0017_add_user_preferences_table"]
[10877][1586108224143][shared][info]["Migrations: Walking migration","0018_index_header_presets"]
[10877][1586108224143][shared][info]["Migrations: Walking migration","0019_migrate_favorite_collections_data"]
[10877][1586108224143][shared][info]["Migrations: Walking migration","0020_migrate_sync_client_revision"]
[10877][1586108224145][shared][info]["Migrations: Walking migration","0021_clear_permissions"]
[10877][1586108224145][shared][info]["Migrations: Walking migration","0022_add_workspace_header_presets"]
[10877][1586108224157][shared][info]["Migrations: Walking migration","0023_remove_collection_permissions_and_shared"]
[10877][1586108224162][shared][info]["Migrations: Walking migration","0024_add_console_timelines_table"]
[10877][1586108224163][shared][info]["Migrations: Walking migration","0025_add_console_events_table"]
[10877][1586108224163][shared][info]["Migrations: Walking migration","0026_index_console_events"]
[10877][1586108224164][shared][info]["Migrations: Walking migration","0027_add_console_blob_table"]
[10877][1586108224164][shared][info]["Migrations: Walking migration","0028_add_runner_data_table"]
[10877][1586108224165][shared][info]["Migrations: Walking migration","0029_add_api_schema_table"]
[10877][1586108224166][shared][info]["Migrations: Walking migration","0030_migrate_collection_runs"]
[10877][1586108224166][shared][info]["Migrations: Walking migration","0031_add_api_relation_table"]
[10877][1586108224167][shared][info]["Migrations: Walking migration","0032_index_workspacesession_editor"]
[10877][1586108224168][shared][info]["Migrations: Walking migration","0033_add_editor_data_cache_table"]
[10877][1586108224168][shared][info]["Migrations: Starting migration","0000_initial"]
[10877][1586108224169][shared][info]["Migrations: Setting context before starting migration","0000_initial",{"0000_initial":"started"}]
[10877][1586108224179][shared][info]["Migrations: Applying migration","0000_initial"]
[10877][1586108224179][shared][info]["Migrations: Upgrading IndexedDB to version","0000_initial",1]
[10877][1586108224183][shared][info]["Migrations: Adding pending commit to queue","0000_initial"]
[10877][1586108224183][shared][info]["Migrations: Starting migration","0001_add_archived_resources_table"]
[10877][1586108224183][shared][info]["Migrations: Setting context before starting migration","0001_add_archived_resources_table",{"0000_initial":"started","0001_add_archived_resources_table":"started"}]
[10877][1586108224184][shared][info]["Migrations: Applying migration","0001_add_archived_resources_table"]
[10877][1586108224184][shared][info]["Migrations: Upgrading IndexedDB to version","0001_add_archived_resources_table",2]
[10877][1586108224189][shared][info]["Migrations: Adding pending commit to queue","0001_add_archived_resources_table"]
[10877][1586108224189][shared][info]["Migrations: Starting migration","0002_add_variable_sessions_table"]
[10877][1586108224189][shared][info]["Migrations: Setting context before starting migration","0002_add_variable_sessions_table",{"0000_initial":"started","0001_add_archived_resources_table":"started","0002_add_variable_sessions_table":"started"}]
[10877][1586108224189][shared][info]["Migrations: Applying migration","0002_add_variable_sessions_table"]
[10877][1586108224189][shared][info]["Migrations: Upgrading IndexedDB to version","0002_add_variable_sessions_table",3]
[10877][1586108224191][shared][info]["Migrations: Adding pending commit to queue","0002_add_variable_sessions_table"]
[10877][1586108224192][shared][info]["Migrations: Starting migration","0003_add_editor_tables"]
[10877][1586108224192][shared][info]["Migrations: Setting context before starting migration","0003_add_editor_tables",{"0000_initial":"started","0001_add_archived_resources_table":"started","0002_add_variable_sessions_table":"started","0003_add_editor_tables":"started"}]
[10877][1586108224193][shared][info]["Migrations: Applying migration","0003_add_editor_tables"]
[10877][1586108224193][shared][info]["Migrations: Upgrading IndexedDB to version","0003_add_editor_tables",4]
[10877][1586108224195][shared][info]["Migrations: Adding pending commit to queue","0003_add_editor_tables"]
[10877][1586108224196][shared][info]["Migrations: Starting migration","0004_migrate_ws_session_data"]
[10877][1586108224196][shared][info]["Migrations: Flushing pending migrations for","0004_migrate_ws_session_data"]
[10877][1586108224197][shared][info]["Migrations: Flushing pending commit for type","IndexeddbSchemaMigration"]
[10877][1586108224197][shared][info]["Migrations: Committing IndexedDB upgrade"]
[10877][1586108224248][shared][info]["Migrations: Updating status in migration context",{"0000_initial":"started","0001_add_archived_resources_table":"started","0002_add_variable_sessions_table":"started","0003_add_editor_tables":"started"}]
[10877][1586108224249][shared][info]["Migrations: Updated status in migration context",{"0000_initial":"finished","0001_add_archived_resources_table":"finished","0002_add_variable_sessions_table":"finished","0003_add_editor_tables":"finished"}]
[10877][1586108224250][shared][info]["Migrations: Setting context before starting migration","0004_migrate_ws_session_data",{"0000_initial":"finished","0001_add_archived_resources_table":"finished","0002_add_variable_sessions_table":"finished","0003_add_editor_tables":"finished","0004_migrate_ws_session_data":"started"}]
[10877][1586108224250][shared][info]["Migrations: Applying migration","0004_migrate_ws_session_data"]
[10877][1586108224250][shared][info]["Migrations: Processing IndexedDB data migration","0004_migrate_ws_session_data"]
[10877][1586108224263][shared][info]["Migration~Tabs: Starting migration"]
[10877][1586108224282][shared][info]["Migration~Tabs: Completed transformation"]
[10877][1586108224283][shared][info]["Migration~Tabs: Creating editors"]
[10877][1586108224289][shared][info]["Migration~Tabs: Creating editor models"]
[10877][1586108224293][shared][info]["Migrations: Saving migration context after completion","0004_migrate_ws_session_data",{"0000_initial":"finished","0001_add_archived_resources_table":"finished","0002_add_variable_sessions_table":"finished","0003_add_editor_tables":"finished","0004_migrate_ws_session_data":"started"}]
[10877][1586108224294][shared][info]["Migrations: Starting migration","0005_cleanup_request_response_and_history_body"]
[10877][1586108224294][shared][info]["Migrations: Flushing pending migrations for","0005_cleanup_request_response_and_history_body"]
[10877][1586108224294][shared][info]["Migrations: Updating status in migration context",{"0000_initial":"finished","0001_add_archived_resources_table":"finished","0002_add_variable_sessions_table":"finished","0003_add_editor_tables":"finished","0004_migrate_ws_session_data":"finished"}]
[10877][1586108224294][shared][info]["Migrations: Updated status in migration context",{"0000_initial":"finished","0001_add_archived_resources_table":"finished","0002_add_variable_sessions_table":"finished","0003_add_editor_tables":"finished","0004_migrate_ws_session_data":"finished"}]
[10877][1586108224295][shared][info]["Migrations: Setting context before starting migration","0005_cleanup_request_response_and_history_body",{"0000_initial":"finished","0001_add_archived_resources_table":"finished","0002_add_variable_sessions_table":"finished","0003_add_editor_tables":"finished","0004_migrate_ws_session_data":"finished","0005_cleanup_request_response_and_history_body":"started"}]
[10877][1586108224295][shared][info]["Migrations: Applying migration","0005_cleanup_request_response_and_history_body"]
[10877][1586108224296][shared][info]["Migrations: Processing IndexedDB data migration","0005_cleanup_request_response_and_history_body"]
[10877][1586108224315][shared][info]["Migrations: Saving migration context after completion","0005_cleanup_request_response_and_history_body",{"0000_initial":"finished","0001_add_archived_resources_table":"finished","0002_add_variable_sessions_table":"finished","0003_add_editor_tables":"finished","0004_migrate_ws_session_data":"finished","0005_cleanup_request_response_and_history_body":"started"}]
[10877][1586108224316][shared][info]["Migrations: Starting migration","0006_add_dbp_to_request_response_and_history"]
[10877][1586108224317][shared][info]["Migrations: Flushing pending migrations for","0006_add_dbp_to_request_response_and_history"]
[10877][1586108224317][shared][info]["Migrations: Updating status in migration context",{"0000_initial":"finished","0001_add_archived_resources_table":"finished","0002_add_variable_sessions_table":"finished","0003_add_editor_tables":"finished","0004_migrate_ws_session_data":"finished","0005_cleanup_request_response_and_history_body":"finished"}]
[10877][1586108224318][shared][info]["Migrations: Updated status in migration context",{"0000_initial":"finished","0001_add_archived_resources_table":"finished","0002_add_variable_sessions_table":"finished","0003_add_editor_tables":"finished","0004_migrate_ws_session_data":"finished","0005_cleanup_request_response_and_history_body":"finished"}]
[10877][1586108224318][shared][info]["Migrations: Setting context before starting migration","0006_add_dbp_to_request_response_and_history",{"0000_initial":"finished","0001_add_archived_resources_table":"finished","0002_add_variable_sessions_table":"finished","0003_add_editor_tables":"finished","0004_migrate_ws_session_data":"finished","0005_cleanup_request_response_and_history_body":"finished","0006_add_dbp_to_request_response_and_history":"started"}]
[10877][1586108224318][shared][info]["Migrations: Applying migration","0006_add_dbp_to_request_response_and_history"]
[10877][1586108224318][shared][info]["Migrations: Processing IndexedDB data migration","0006_add_dbp_to_request_response_and_history"]
[10877][1586108224339][shared][info]["Migrations: Saving migration context after completion","0006_add_dbp_to_request_response_and_history",{"0000_initial":"finished","0001_add_archived_resources_table":"finished","0002_add_variable_sessions_table":"finished","0003_add_editor_tables":"finished","0004_migrate_ws_session_data":"finished","0005_cleanup_request_response_and_history_body":"finished","0006_add_dbp_to_request_response_and_history":"started"}]
[10877][1586108224340][shared][info]["Migrations: Starting migration","0007_add_sync_client_buckets_by_order_id_table"]
[10877][1586108224340][shared][info]["Migrations: Setting context before starting migration","0007_add_sync_client_buckets_by_order_id_table",{"0000_initial":"finished","0001_add_archived_resources_table":"finished","0002_add_variable_sessions_table":"finished","0003_add_editor_tables":"finished","0004_migrate_ws_session_data":"finished","0005_cleanup_request_response_and_history_body":"finished","0006_add_dbp_to_request_response_and_history":"finished","0007_add_sync_client_buckets_by_order_id_table":"started"}]
[10877][1586108224341][shared][info]["Migrations: Applying migration","0007_add_sync_client_buckets_by_order_id_table"]
[10877][1586108224341][shared][info]["Migrations: Upgrading IndexedDB to version","0007_add_sync_client_buckets_by_order_id_table",5]
[10877][1586108224343][shared][info]["Migrations: Adding pending commit to queue","0007_add_sync_client_buckets_by_order_id_table"]
[10877][1586108224343][shared][info]["Migrations: Starting migration","0008_migrate_to_sync_client_buckets_by_order_id"]
[10877][1586108224343][shared][info]["Migrations: Flushing pending migrations for","0008_migrate_to_sync_client_buckets_by_order_id"]
[10877][1586108224343][shared][info]["Migrations: Flushing pending commit for type","IndexeddbSchemaMigration"]
[10877][1586108224343][shared][info]["Migrations: Committing IndexedDB upgrade"]
[10877][1586108224360][shared][info]["Migrations: Updating status in migration context",{"0000_initial":"finished","0001_add_archived_resources_table":"finished","0002_add_variable_sessions_table":"finished","0003_add_editor_tables":"finished","0004_migrate_ws_session_data":"finished","0005_cleanup_request_response_and_history_body":"finished","0006_add_dbp_to_request_response_and_history":"finished","0007_add_sync_client_buckets_by_order_id_table":"started"}]
[10877][1586108224361][shared][info]["Migrations: Updated status in migration context",{"0000_initial":"finished","0001_add_archived_resources_table":"finished","0002_add_variable_sessions_table":"finished","0003_add_editor_tables":"finished","0004_migrate_ws_session_data":"finished","0005_cleanup_request_response_and_history_body":"finished","0006_add_dbp_to_request_response_and_history":"finished","0007_add_sync_client_buckets_by_order_id_table":"finished"}]
[10877][1586108224363][shared][info]["Migrations: Setting context before starting migration","0008_migrate_to_sync_client_buckets_by_order_id",{"0000_initial":"finished","0001_add_archived_resources_table":"finished","0002_add_variable_sessions_table":"finished","0003_add_editor_tables":"finished","0004_migrate_ws_session_data":"finished","0005_cleanup_request_response_and_history_body":"finished","0006_add_dbp_to_request_response_and_history":"finished","0007_add_sync_client_buckets_by_order_id_table":"finished","0008_migrate_to_sync_client_buckets_by_order_id":"started"}]
[10877][1586108224363][shared][info]["Migrations: Applying migration","0008_migrate_to_sync_client_buckets_by_order_id"]
[10877][1586108224364][shared][info]["Migrations: Processing IndexedDB data migration","0008_migrate_to_sync_client_buckets_by_order_id"]
[10877][1586108224384][shared][info]["Migrations: Saving migration context after completion","0008_migrate_to_sync_client_buckets_by_order_id",{"0000_initial":"finished","0001_add_archived_resources_table":"finished","0002_add_variable_sessions_table":"finished","0003_add_editor_tables":"finished","0004_migrate_ws_session_data":"finished","0005_cleanup_request_response_and_history_body":"finished","0006_add_dbp_to_request_response_and_history":"finished","0007_add_sync_client_buckets_by_order_id_table":"finished","0008_migrate_to_sync_client_buckets_by_order_id":"started"}]
[10877][1586108224385][shared][info]["Migrations: Starting migration","0009_remove_sync_client_buckets_table"]
[10877][1586108224388][shared][info]["Migrations: Setting context before starting migration","0009_remove_sync_client_buckets_table",{"0000_initial":"finished","0001_add_archived_resources_table":"finished","0002_add_variable_sessions_table":"finished","0003_add_editor_tables":"finished","0004_migrate_ws_session_data":"finished","0005_cleanup_request_response_and_history_body":"finished","0006_add_dbp_to_request_response_and_history":"finished","0007_add_sync_client_buckets_by_order_id_table":"finished","0008_migrate_to_sync_client_buckets_by_order_id":"finished","0009_remove_sync_client_buckets_table":"started"}]
[10877][1586108224389][shared][info]["Migrations: Applying migration","0009_remove_sync_client_buckets_table"]
[10877][1586108224389][shared][info]["Migrations: Upgrading IndexedDB to version","0009_remove_sync_client_buckets_table",6]
[10877][1586108224393][shared][info]["Migrations: Adding pending commit to queue","0009_remove_sync_client_buckets_table"]
[10877][1586108224395][shared][info]["Migrations: Starting migration","0010_add_history_owner"]
[10877][1586108224395][shared][info]["Migrations: Flushing pending migrations for","0010_add_history_owner"]
[10877][1586108224395][shared][info]["Migrations: Flushing pending commit for type","IndexeddbSchemaMigration"]
[10877][1586108224395][shared][info]["Migrations: Committing IndexedDB upgrade"]
[10877][1586108224412][shared][info]["Migrations: Updating status in migration context",{"0000_initial":"finished","0001_add_archived_resources_table":"finished","0002_add_variable_sessions_table":"finished","0003_add_editor_tables":"finished","0004_migrate_ws_session_data":"finished","0005_cleanup_request_response_and_history_body":"finished","0006_add_dbp_to_request_response_and_history":"finished","0007_add_sync_client_buckets_by_order_id_table":"finished","0008_migrate_to_sync_client_buckets_by_order_id":"finished","0009_remove_sync_client_buckets_table":"started"}]
[10877][1586108224412][shared][info]["Migrations: Updated status in migration context",{"0000_initial":"finished","0001_add_archived_resources_table":"finished","0002_add_variable_sessions_table":"finished","0003_add_editor_tables":"finished","0004_migrate_ws_session_data":"finished","0005_cleanup_request_response_and_history_body":"finished","0006_add_dbp_to_request_response_and_history":"finished","0007_add_sync_client_buckets_by_order_id_table":"finished","0008_migrate_to_sync_client_buckets_by_order_id":"finished","0009_remove_sync_client_buckets_table":"finished"}]
[10877][1586108224413][shared][info]["Migrations: Setting context before starting migration","0010_add_history_owner",{"0000_initial":"finished","0001_add_archived_resources_table":"finished","0002_add_variable_sessions_table":"finished","0003_add_editor_tables":"finished","0004_migrate_ws_session_data":"finished","0005_cleanup_request_response_and_history_body":"finished","0006_add_dbp_to_request_response_and_history":"finished","0007_add_sync_client_buckets_by_order_id_table":"finished","0008_migrate_to_sync_client_buckets_by_order_id":"finished","0009_remove_sync_client_buckets_table":"finished","0010_add_history_owner":"started"}]
[10877][1586108224414][shared][info]["Migrations: Applying migration","0010_add_history_owner"]
[10877][1586108224414][shared][info]["Migrations: Processing IndexedDB data migration","0010_add_history_owner"]
[10877][1586108224432][shared][info]["Migrations: Saving migration context after completion","0010_add_history_owner",{"0000_initial":"finished","0001_add_archived_resources_table":"finished","0002_add_variable_sessions_table":"finished","0003_add_editor_tables":"finished","0004_migrate_ws_session_data":"finished","0005_cleanup_request_response_and_history_body":"finished","0006_add_dbp_to_request_response_and_history":"finished","0007_add_sync_client_buckets_by_order_id_table":"finished","0008_migrate_to_sync_client_buckets_by_order_id":"finished","0009_remove_sync_client_buckets_table":"finished","0010_add_history_owner":"started"}]
[10877][1586108224433][shared][info]["Migrations: Starting migration","0011_add_history_response_table"]
[10877][1586108224434][shared][info]["Migrations: Setting context before starting migration","0011_add_history_response_table",{"0000_initial":"finished","0001_add_archived_resources_table":"finished","0002_add_variable_sessions_table":"finished","0003_add_editor_tables":"finished","0004_migrate_ws_session_data":"finished","0005_cleanup_request_response_and_history_body":"finished","0006_add_dbp_to_request_response_and_history":"finished","0007_add_sync_client_buckets_by_order_id_table":"finished","0008_migrate_to_sync_client_buckets_by_order_id":"finished","0009_remove_sync_client_buckets_table":"finished","0010_add_history_owner":"finished","0011_add_history_response_table":"started"}]
[10877][1586108224434][shared][info]["Migrations: Applying migration","0011_add_history_response_table"]
[10877][1586108224434][shared][info]["Migrations: Upgrading IndexedDB to version","0011_add_history_response_table",7]
[10877][1586108224436][shared][info]["Migrations: Adding pending commit to queue","0011_add_history_response_table"]
[10877][1586108224439][shared][info]["Migrations: Starting migration","0012_add_user_data_table"]
[10877][1586108224439][shared][info]["Migrations: Setting context before starting migration","0012_add_user_data_table",{"0000_initial":"finished","0001_add_archived_resources_table":"finished","0002_add_variable_sessions_table":"finished","0003_add_editor_tables":"finished","0004_migrate_ws_session_data":"finished","0005_cleanup_request_response_and_history_body":"finished","0006_add_dbp_to_request_response_and_history":"finished","0007_add_sync_client_buckets_by_order_id_table":"finished","0008_migrate_to_sync_client_buckets_by_order_id":"finished","0009_remove_sync_client_buckets_table":"finished","0010_add_history_owner":"finished","0011_add_history_response_table":"started","0012_add_user_data_table":"started"}]
[10877][1586108224439][shared][info]["Migrations: Applying migration","0012_add_user_data_table"]
[10877][1586108224440][shared][info]["Migrations: Upgrading IndexedDB to version","0012_add_user_data_table",8]
[10877][1586108224441][shared][info]["Migrations: Adding pending commit to queue","0012_add_user_data_table"]
[10877][1586108224442][shared][info]["Migrations: Starting migration","0013_sanitize_request_response_and_history_methods"]
[10877][1586108224442][shared][info]["Migrations: Flushing pending migrations for","0013_sanitize_request_response_and_history_methods"]
[10877][1586108224443][shared][info]["Migrations: Flushing pending commit for type","IndexeddbSchemaMigration"]
[10877][1586108224443][shared][info]["Migrations: Committing IndexedDB upgrade"]
[10877][1586108224459][shared][info]["Migrations: Updating status in migration context",{"0000_initial":"finished","0001_add_archived_resources_table":"finished","0002_add_variable_sessions_table":"finished","0003_add_editor_tables":"finished","0004_migrate_ws_session_data":"finished","0005_cleanup_request_response_and_history_body":"finished","0006_add_dbp_to_request_response_and_history":"finished","0007_add_sync_client_buckets_by_order_id_table":"finished","0008_migrate_to_sync_client_buckets_by_order_id":"finished","0009_remove_sync_client_buckets_table":"finished","0010_add_history_owner":"finished","0011_add_history_response_table":"started","0012_add_user_data_table":"started"}]
[10877][1586108224460][shared][info]["Migrations: Updated status in migration context",{"0000_initial":"finished","0001_add_archived_resources_table":"finished","0002_add_variable_sessions_table":"finished","0003_add_editor_tables":"finished","0004_migrate_ws_session_data":"finished","0005_cleanup_request_response_and_history_body":"finished","0006_add_dbp_to_request_response_and_history":"finished","0007_add_sync_client_buckets_by_order_id_table":"finished","0008_migrate_to_sync_client_buckets_by_order_id":"finished","0009_remove_sync_client_buckets_table":"finished","0010_add_history_owner":"finished","0011_add_history_response_table":"finished","0012_add_user_data_table":"finished"}]
[10877][1586108224460][shared][info]["Migrations: Setting context before starting migration","0013_sanitize_request_response_and_history_methods",{"0000_initial":"finished","0001_add_archived_resources_table":"finished","0002_add_variable_sessions_table":"finished","0003_add_editor_tables":"finished","0004_migrate_ws_session_data":"finished","0005_cleanup_request_response_and_history_body":"finished","0006_add_dbp_to_request_response_and_history":"finished","0007_add_sync_client_buckets_by_order_id_table":"finished","0008_migrate_to_sync_client_buckets_by_order_id":"finished","0009_remove_sync_client_buckets_table":"finished","0010_add_history_owner":"finished","0011_add_history_response_table":"finished","0012_add_user_data_table":"finished","0013_sanitize_request_response_and_history_methods":"started"}]
[10877][1586108224460][shared][info]["Migrations: Applying migration","0013_sanitize_request_response_and_history_methods"]
[10877][1586108224461][shared][info]["Migrations: Processing IndexedDB data migration","0013_sanitize_request_response_and_history_methods"]
[10877][1586108224480][shared][info]["Migrations: Saving migration context after completion","0013_sanitize_request_response_and_history_methods",{"0000_initial":"finished","0001_add_archived_resources_table":"finished","0002_add_variable_sessions_table":"finished","0003_add_editor_tables":"finished","0004_migrate_ws_session_data":"finished","0005_cleanup_request_response_and_history_body":"finished","0006_add_dbp_to_request_response_and_history":"finished","0007_add_sync_client_buckets_by_order_id_table":"finished","0008_migrate_to_sync_client_buckets_by_order_id":"finished","0009_remove_sync_client_buckets_table":"finished","0010_add_history_owner":"finished","0011_add_history_response_table":"finished","0012_add_user_data_table":"finished","0013_sanitize_request_response_and_history_methods":"started"}]
[10877][1586108224481][shared][info]["Migrations: Starting migration","0014_sanitize_response_requestobject_rawmodedata"]
[10877][1586108224481][shared][info]["Migrations: Flushing pending migrations for","0014_sanitize_response_requestobject_rawmodedata"]
[10877][1586108224481][shared][info]["Migrations: Updating status in migration context",{"0000_initial":"finished","0001_add_archived_resources_table":"finished","0002_add_variable_sessions_table":"finished","0003_add_editor_tables":"finished","0004_migrate_ws_session_data":"finished","0005_cleanup_request_response_and_history_body":"finished","0006_add_dbp_to_request_response_and_history":"finished","0007_add_sync_client_buckets_by_order_id_table":"finished","0008_migrate_to_sync_client_buckets_by_order_id":"finished","0009_remove_sync_client_buckets_table":"finished","0010_add_history_owner":"finished","0011_add_history_response_table":"finished","0012_add_user_data_table":"finished","0013_sanitize_request_response_and_history_methods":"finished"}]
[10877][1586108224481][shared][info]["Migrations: Updated status in migration context",{"0000_initial":"finished","0001_add_archived_resources_table":"finished","0002_add_variable_sessions_table":"finished","0003_add_editor_tables":"finished","0004_migrate_ws_session_data":"finished","0005_cleanup_request_response_and_history_body":"finished","0006_add_dbp_to_request_response_and_history":"finished","0007_add_sync_client_buckets_by_order_id_table":"finished","0008_migrate_to_sync_client_buckets_by_order_id":"finished","0009_remove_sync_client_buckets_table":"finished","0010_add_history_owner":"finished","0011_add_history_response_table":"finished","0012_add_user_data_table":"finished","0013_sanitize_request_response_and_history_methods":"finished"}]
[10877][1586108224482][shared][info]["Migrations: Setting context before starting migration","0014_sanitize_response_requestobject_rawmodedata",{"0000_initial":"finished","0001_add_archived_resources_table":"finished","0002_add_variable_sessions_table":"finished","0003_add_editor_tables":"finished","0004_migrate_ws_session_data":"finished","0005_cleanup_request_response_and_history_body":"finished","0006_add_dbp_to_request_response_and_history":"finished","0007_add_sync_client_buckets_by_order_id_table":"finished","0008_migrate_to_sync_client_buckets_by_order_id":"finished","0009_remove_sync_client_buckets_table":"finished","0010_add_history_owner":"finished","0011_add_history_response_table":"finished","0012_add_user_data_table":"finished","0013_sanitize_request_response_and_history_methods":"finished","0014_sanitize_response_requestobject_rawmodedata":"started"}]
[10877][1586108224483][shared][info]["Migrations: Applying migration","0014_sanitize_response_requestobject_rawmodedata"]
[10877][1586108224483][shared][info]["Migrations: Processing IndexedDB data migration","0014_sanitize_response_requestobject_rawmodedata"]
[10877][1586108224494][shared][info]["Migrations: Saving migration context after completion","0014_sanitize_response_requestobject_rawmodedata",{"0000_initial":"finished","0001_add_archived_resources_table":"finished","0002_add_variable_sessions_table":"finished","0003_add_editor_tables":"finished","0004_migrate_ws_session_data":"finished","0005_cleanup_request_response_and_history_body":"finished","0006_add_dbp_to_request_response_and_history":"finished","0007_add_sync_client_buckets_by_order_id_table":"finished","0008_migrate_to_sync_client_buckets_by_order_id":"finished","0009_remove_sync_client_buckets_table":"finished","0010_add_history_owner":"finished","0011_add_history_response_table":"finished","0012_add_user_data_table":"finished","0013_sanitize_request_response_and_history_methods":"finished","0014_sanitize_response_requestobject_rawmodedata":"started"}]
[10877][1586108224496][shared][info]["Migrations: Starting migration","0015_add_favorited_collections_table"]
[10877][1586108224497][shared][info]["Migrations: Setting context before starting migration","0015_add_favorited_collections_table",{"0000_initial":"finished","0001_add_archived_resources_table":"finished","0002_add_variable_sessions_table":"finished","0003_add_editor_tables":"finished","0004_migrate_ws_session_data":"finished","0005_cleanup_request_response_and_history_body":"finished","0006_add_dbp_to_request_response_and_history":"finished","0007_add_sync_client_buckets_by_order_id_table":"finished","0008_migrate_to_sync_client_buckets_by_order_id":"finished","0009_remove_sync_client_buckets_table":"finished","0010_add_history_owner":"finished","0011_add_history_response_table":"finished","0012_add_user_data_table":"finished","0013_sanitize_request_response_and_history_methods":"finished","0014_sanitize_response_requestobject_rawmodedata":"finished","0015_add_favorited_collections_table":"started"}]
[10877][1586108224498][shared][info]["Migrations: Applying migration","0015_add_favorited_collections_table"]
[10877][1586108224498][shared][info]["Migrations: Upgrading IndexedDB to version","0015_add_favorited_collections_table",9]
[10877][1586108224500][shared][info]["Migrations: Adding pending commit to queue","0015_add_favorited_collections_table"]
[10877][1586108224500][shared][info]["Migrations: Starting migration","0016_add_permission_table"]
[10877][1586108224500][shared][info]["Migrations: Setting context before starting migration","0016_add_permission_table",{"0000_initial":"finished","0001_add_archived_resources_table":"finished","0002_add_variable_sessions_table":"finished","0003_add_editor_tables":"finished","0004_migrate_ws_session_data":"finished","0005_cleanup_request_response_and_history_body":"finished","0006_add_dbp_to_request_response_and_history":"finished","0007_add_sync_client_buckets_by_order_id_table":"finished","0008_migrate_to_sync_client_buckets_by_order_id":"finished","0009_remove_sync_client_buckets_table":"finished","0010_add_history_owner":"finished","0011_add_history_response_table":"finished","0012_add_user_data_table":"finished","0013_sanitize_request_response_and_history_methods":"finished","0014_sanitize_response_requestobject_rawmodedata":"finished","0015_add_favorited_collections_table":"started","0016_add_permission_table":"started"}]
[10877][1586108224501][shared][info]["Migrations: Applying migration","0016_add_permission_table"]
[10877][1586108224501][shared][info]["Migrations: Upgrading IndexedDB to version","0016_add_permission_table",10]
[10877][1586108224505][shared][info]["Migrations: Adding pending commit to queue","0016_add_permission_table"]
[10877][1586108224505][shared][info]["Migrations: Starting migration","0017_add_user_preferences_table"]
[10877][1586108224505][shared][info]["Migrations: Setting context before starting migration","0017_add_user_preferences_table",{"0000_initial":"finished","0001_add_archived_resources_table":"finished","0002_add_variable_sessions_table":"finished","0003_add_editor_tables":"finished","0004_migrate_ws_session_data":"finished","0005_cleanup_request_response_and_history_body":"finished","0006_add_dbp_to_request_response_and_history":"finished","0007_add_sync_client_buckets_by_order_id_table":"finished","0008_migrate_to_sync_client_buckets_by_order_id":"finished","0009_remove_sync_client_buckets_table":"finished","0010_add_history_owner":"finished","0011_add_history_response_table":"finished","0012_add_user_data_table":"finished","0013_sanitize_request_response_and_history_methods":"finished","0014_sanitize_response_requestobject_rawmodedata":"finished","0015_add_favorited_collections_table":"started","0016_add_permission_table":"started","0017_add_user_preferences_table":"started"}]
[10877][1586108224506][shared][info]["Migrations: Applying migration","0017_add_user_preferences_table"]
[10877][1586108224506][shared][info]["Migrations: Upgrading IndexedDB to version","0017_add_user_preferences_table",11]
[10877][1586108224506][shared][info]["Migrations: Adding pending commit to queue","0017_add_user_preferences_table"]
[10877][1586108224507][shared][info]["Migrations: Starting migration","0018_index_header_presets"]
[10877][1586108224507][shared][info]["Migrations: Setting context before starting migration","0018_index_header_presets",{"0000_initial":"finished","0001_add_archived_resources_table":"finished","0002_add_variable_sessions_table":"finished","0003_add_editor_tables":"finished","0004_migrate_ws_session_data":"finished","0005_cleanup_request_response_and_history_body":"finished","0006_add_dbp_to_request_response_and_history":"finished","0007_add_sync_client_buckets_by_order_id_table":"finished","0008_migrate_to_sync_client_buckets_by_order_id":"finished","0009_remove_sync_client_buckets_table":"finished","0010_add_history_owner":"finished","0011_add_history_response_table":"finished","0012_add_user_data_table":"finished","0013_sanitize_request_response_and_history_methods":"finished","0014_sanitize_response_requestobject_rawmodedata":"finished","0015_add_favorited_collections_table":"started","0016_add_permission_table":"started","0017_add_user_preferences_table":"started","0018_index_header_presets":"started"}]
[10877][1586108224508][shared][info]["Migrations: Applying migration","0018_index_header_presets"]
[10877][1586108224508][shared][info]["Migrations: Upgrading IndexedDB to version","0018_index_header_presets",12]
[10877][1586108224509][shared][info]["Migrations: Adding pending commit to queue","0018_index_header_presets"]
[10877][1586108224509][shared][info]["Migrations: Starting migration","0019_migrate_favorite_collections_data"]
[10877][1586108224509][shared][info]["Migrations: Flushing pending migrations for","0019_migrate_favorite_collections_data"]
[10877][1586108224510][shared][info]["Migrations: Flushing pending commit for type","IndexeddbSchemaMigration"]
[10877][1586108224510][shared][info]["Migrations: Committing IndexedDB upgrade"]
[10877][1586108224531][shared][info]["Migrations: Updating status in migration context",{"0000_initial":"finished","0001_add_archived_resources_table":"finished","0002_add_variable_sessions_table":"finished","0003_add_editor_tables":"finished","0004_migrate_ws_session_data":"finished","0005_cleanup_request_response_and_history_body":"finished","0006_add_dbp_to_request_response_and_history":"finished","0007_add_sync_client_buckets_by_order_id_table":"finished","0008_migrate_to_sync_client_buckets_by_order_id":"finished","0009_remove_sync_client_buckets_table":"finished","0010_add_history_owner":"finished","0011_add_history_response_table":"finished","0012_add_user_data_table":"finished","0013_sanitize_request_response_and_history_methods":"finished","0014_sanitize_response_requestobject_rawmodedata":"finished","0015_add_favorited_collections_table":"started","0016_add_permission_table":"started","0017_add_user_preferences_table":"started","0018_index_header_presets":"started"}]
[10877][1586108224531][shared][info]["Migrations: Updated status in migration context",{"0000_initial":"finished","0001_add_archived_resources_table":"finished","0002_add_variable_sessions_table":"finished","0003_add_editor_tables":"finished","0004_migrate_ws_session_data":"finished","0005_cleanup_request_response_and_history_body":"finished","0006_add_dbp_to_request_response_and_history":"finished","0007_add_sync_client_buckets_by_order_id_table":"finished","0008_migrate_to_sync_client_buckets_by_order_id":"finished","0009_remove_sync_client_buckets_table":"finished","0010_add_history_owner":"finished","0011_add_history_response_table":"finished","0012_add_user_data_table":"finished","0013_sanitize_request_response_and_history_methods":"finished","0014_sanitize_response_requestobject_rawmodedata":"finished","0015_add_favorited_collections_table":"finished","0016_add_permission_table":"finished","0017_add_user_preferences_table":"finished","0018_index_header_presets":"finished"}]
[10877][1586108224531][shared][info]["Migrations: Setting context before starting migration","0019_migrate_favorite_collections_data",{"0000_initial":"finished","0001_add_archived_resources_table":"finished","0002_add_variable_sessions_table":"finished","0003_add_editor_tables":"finished","0004_migrate_ws_session_data":"finished","0005_cleanup_request_response_and_history_body":"finished","0006_add_dbp_to_request_response_and_history":"finished","0007_add_sync_client_buckets_by_order_id_table":"finished","0008_migrate_to_sync_client_buckets_by_order_id":"finished","0009_remove_sync_client_buckets_table":"finished","0010_add_history_owner":"finished","0011_add_history_response_table":"finished","0012_add_user_data_table":"finished","0013_sanitize_request_response_and_history_methods":"finished","0014_sanitize_response_requestobject_rawmodedata":"finished","0015_add_favorited_collections_table":"finished","0016_add_permission_table":"finished","0017_add_user_preferences_table":"finished","0018_index_header_presets":"finished","0019_migrate_favorite_collections_data":"started"}]
[10877][1586108224532][shared][info]["Migrations: Applying migration","0019_migrate_favorite_collections_data"]
[10877][1586108224532][shared][info]["Migrations: Processing IndexedDB data migration","0019_migrate_favorite_collections_data"]
[10877][1586108224537][shared][info]["Migration~FavoriteCollections: Starting migration"]
[10877][1586108224547][shared][info]["Migrations: Saving migration context after completion","0019_migrate_favorite_collections_data",{"0000_initial":"finished","0001_add_archived_resources_table":"finished","0002_add_variable_sessions_table":"finished","0003_add_editor_tables":"finished","0004_migrate_ws_session_data":"finished","0005_cleanup_request_response_and_history_body":"finished","0006_add_dbp_to_request_response_and_history":"finished","0007_add_sync_client_buckets_by_order_id_table":"finished","0008_migrate_to_sync_client_buckets_by_order_id":"finished","0009_remove_sync_client_buckets_table":"finished","0010_add_history_owner":"finished","0011_add_history_response_table":"finished","0012_add_user_data_table":"finished","0013_sanitize_request_response_and_history_methods":"finished","0014_sanitize_response_requestobject_rawmodedata":"finished","0015_add_favorited_collections_table":"finished","0016_add_permission_table":"finished","0017_add_user_preferences_table":"finished","0018_index_header_presets":"finished","0019_migrate_favorite_collections_data":"started"}]
[10877][1586108224548][shared][info]["Migrations: Starting migration","0020_migrate_sync_client_revision"]
[10877][1586108224548][shared][info]["Migrations: Flushing pending migrations for","0020_migrate_sync_client_revision"]
[10877][1586108224548][shared][info]["Migrations: Updating status in migration context",{"0000_initial":"finished","0001_add_archived_resources_table":"finished","0002_add_variable_sessions_table":"finished","0003_add_editor_tables":"finished","0004_migrate_ws_session_data":"finished","0005_cleanup_request_response_and_history_body":"finished","0006_add_dbp_to_request_response_and_history":"finished","0007_add_sync_client_buckets_by_order_id_table":"finished","0008_migrate_to_sync_client_buckets_by_order_id":"finished","0009_remove_sync_client_buckets_table":"finished","0010_add_history_owner":"finished","0011_add_history_response_table":"finished","0012_add_user_data_table":"finished","0013_sanitize_request_response_and_history_methods":"finished","0014_sanitize_response_requestobject_rawmodedata":"finished","0015_add_favorited_collections_table":"finished","0016_add_permission_table":"finished","0017_add_user_preferences_table":"finished","0018_index_header_presets":"finished","0019_migrate_favorite_collections_data":"finished"}]
[10877][1586108224548][shared][info]["Migrations: Updated status in migration context",{"0000_initial":"finished","0001_add_archived_resources_table":"finished","0002_add_variable_sessions_table":"finished","0003_add_editor_tables":"finished","0004_migrate_ws_session_data":"finished","0005_cleanup_request_response_and_history_body":"finished","0006_add_dbp_to_request_response_and_history":"finished","0007_add_sync_client_buckets_by_order_id_table":"finished","0008_migrate_to_sync_client_buckets_by_order_id":"finished","0009_remove_sync_client_buckets_table":"finished","0010_add_history_owner":"finished","0011_add_history_response_table":"finished","0012_add_user_data_table":"finished","0013_sanitize_request_response_and_history_methods":"finished","0014_sanitize_response_requestobject_rawmodedata":"finished","0015_add_favorited_collections_table":"finished","0016_add_permission_table":"finished","0017_add_user_preferences_table":"finished","0018_index_header_presets":"finished","0019_migrate_favorite_collections_data":"finished"}]
[10877][1586108224548][shared][info]["Migrations: Setting context before starting migration","0020_migrate_sync_client_revision",{"0000_initial":"finished","0001_add_archived_resources_table":"finished","0002_add_variable_sessions_table":"finished","0003_add_editor_tables":"finished","0004_migrate_ws_session_data":"finished","0005_cleanup_request_response_and_history_body":"finished","0006_add_dbp_to_request_response_and_history":"finished","0007_add_sync_client_buckets_by_order_id_table":"finished","0008_migrate_to_sync_client_buckets_by_order_id":"finished","0009_remove_sync_client_buckets_table":"finished","0010_add_history_owner":"finished","0011_add_history_response_table":"finished","0012_add_user_data_table":"finished","0013_sanitize_request_response_and_history_methods":"finished","0014_sanitize_response_requestobject_rawmodedata":"finished","0015_add_favorited_collections_table":"finished","0016_add_permission_table":"finished","0017_add_user_preferences_table":"finished","0018_index_header_presets":"finished","0019_migrate_favorite_collections_data":"finished","0020_migrate_sync_client_revision":"started"}]
[10877][1586108224549][shared][info]["Migrations: Applying migration","0020_migrate_sync_client_revision"]
[10877][1586108224549][shared][info]["Migrations: Processing IndexedDB data migration","0020_migrate_sync_client_revision"]
[10877][1586108224553][shared][info]["Migration~SyncClientRevision: Migrating revision id for timelines"]
[10877][1586108224559][shared][info]["Migrations: Saving migration context after completion","0020_migrate_sync_client_revision",{"0000_initial":"finished","0001_add_archived_resources_table":"finished","0002_add_variable_sessions_table":"finished","0003_add_editor_tables":"finished","0004_migrate_ws_session_data":"finished","0005_cleanup_request_response_and_history_body":"finished","0006_add_dbp_to_request_response_and_history":"finished","0007_add_sync_client_buckets_by_order_id_table":"finished","0008_migrate_to_sync_client_buckets_by_order_id":"finished","0009_remove_sync_client_buckets_table":"finished","0010_add_history_owner":"finished","0011_add_history_response_table":"finished","0012_add_user_data_table":"finished","0013_sanitize_request_response_and_history_methods":"finished","0014_sanitize_response_requestobject_rawmodedata":"finished","0015_add_favorited_collections_table":"finished","0016_add_permission_table":"finished","0017_add_user_preferences_table":"finished","0018_index_header_presets":"finished","0019_migrate_favorite_collections_data":"finished","0020_migrate_sync_client_revision":"started"}]
[10877][1586108224561][shared][info]["Migrations: Starting migration","0021_clear_permissions"]
[10877][1586108224561][shared][info]["Migrations: Flushing pending migrations for","0021_clear_permissions"]
[10877][1586108224561][shared][info]["Migrations: Updating status in migration context",{"0000_initial":"finished","0001_add_archived_resources_table":"finished","0002_add_variable_sessions_table":"finished","0003_add_editor_tables":"finished","0004_migrate_ws_session_data":"finished","0005_cleanup_request_response_and_history_body":"finished","0006_add_dbp_to_request_response_and_history":"finished","0007_add_sync_client_buckets_by_order_id_table":"finished","0008_migrate_to_sync_client_buckets_by_order_id":"finished","0009_remove_sync_client_buckets_table":"finished","0010_add_history_owner":"finished","0011_add_history_response_table":"finished","0012_add_user_data_table":"finished","0013_sanitize_request_response_and_history_methods":"finished","0014_sanitize_response_requestobject_rawmodedata":"finished","0015_add_favorited_collections_table":"finished","0016_add_permission_table":"finished","0017_add_user_preferences_table":"finished","0018_index_header_presets":"finished","0019_migrate_favorite_collections_data":"finished","0020_migrate_sync_client_revision":"finished"}]
[10877][1586108224561][shared][info]["Migrations: Updated status in migration context",{"0000_initial":"finished","0001_add_archived_resources_table":"finished","0002_add_variable_sessions_table":"finished","0003_add_editor_tables":"finished","0004_migrate_ws_session_data":"finished","0005_cleanup_request_response_and_history_body":"finished","0006_add_dbp_to_request_response_and_history":"finished","0007_add_sync_client_buckets_by_order_id_table":"finished","0008_migrate_to_sync_client_buckets_by_order_id":"finished","0009_remove_sync_client_buckets_table":"finished","0010_add_history_owner":"finished","0011_add_history_response_table":"finished","0012_add_user_data_table":"finished","0013_sanitize_request_response_and_history_methods":"finished","0014_sanitize_response_requestobject_rawmodedata":"finished","0015_add_favorited_collections_table":"finished","0016_add_permission_table":"finished","0017_add_user_preferences_table":"finished","0018_index_header_presets":"finished","0019_migrate_favorite_collections_data":"finished","0020_migrate_sync_client_revision":"finished"}]
[10877][1586108224562][shared][info]["Migrations: Setting context before starting migration","0021_clear_permissions",{"0000_initial":"finished","0001_add_archived_resources_table":"finished","0002_add_variable_sessions_table":"finished","0003_add_editor_tables":"finished","0004_migrate_ws_session_data":"finished","0005_cleanup_request_response_and_history_body":"finished","0006_add_dbp_to_request_response_and_history":"finished","0007_add_sync_client_buckets_by_order_id_table":"finished","0008_migrate_to_sync_client_buckets_by_order_id":"finished","0009_remove_sync_client_buckets_table":"finished","0010_add_history_owner":"finished","0011_add_history_response_table":"finished","0012_add_user_data_table":"finished","0013_sanitize_request_response_and_history_methods":"finished","0014_sanitize_response_requestobject_rawmodedata":"finished","0015_add_favorited_collections_table":"finished","0016_add_permission_table":"finished","0017_add_user_preferences_table":"finished","0018_index_header_presets":"finished","0019_migrate_favorite_collections_data":"finished","0020_migrate_sync_client_revision":"finished","0021_clear_permissions":"started"}]
[10877][1586108224562][shared][info]["Migrations: Applying migration","0021_clear_permissions"]
[10877][1586108224563][shared][info]["Migrations: Processing IndexedDB data migration","0021_clear_permissions"]
[10877][1586108224566][shared][info]["Migration~Permissions: Starting migration"]
[10877][1586108224571][shared][info]["Migrations: Saving migration context after completion","0021_clear_permissions",{"0000_initial":"finished","0001_add_archived_resources_table":"finished","0002_add_variable_sessions_table":"finished","0003_add_editor_tables":"finished","0004_migrate_ws_session_data":"finished","0005_cleanup_request_response_and_history_body":"finished","0006_add_dbp_to_request_response_and_history":"finished","0007_add_sync_client_buckets_by_order_id_table":"finished","0008_migrate_to_sync_client_buckets_by_order_id":"finished","0009_remove_sync_client_buckets_table":"finished","0010_add_history_owner":"finished","0011_add_history_response_table":"finished","0012_add_user_data_table":"finished","0013_sanitize_request_response_and_history_methods":"finished","0014_sanitize_response_requestobject_rawmodedata":"finished","0015_add_favorited_collections_table":"finished","0016_add_permission_table":"finished","0017_add_user_preferences_table":"finished","0018_index_header_presets":"finished","0019_migrate_favorite_collections_data":"finished","0020_migrate_sync_client_revision":"finished","0021_clear_permissions":"started"}]
[10877][1586108224572][shared][info]["Migrations: Starting migration","0022_add_workspace_header_presets"]
[10877][1586108224572][shared][info]["Migrations: Flushing pending migrations for","0022_add_workspace_header_presets"]
[10877][1586108224572][shared][info]["Migrations: Updating status in migration context",{"0000_initial":"finished","0001_add_archived_resources_table":"finished","0002_add_variable_sessions_table":"finished","0003_add_editor_tables":"finished","0004_migrate_ws_session_data":"finished","0005_cleanup_request_response_and_history_body":"finished","0006_add_dbp_to_request_response_and_history":"finished","0007_add_sync_client_buckets_by_order_id_table":"finished","0008_migrate_to_sync_client_buckets_by_order_id":"finished","0009_remove_sync_client_buckets_table":"finished","0010_add_history_owner":"finished","0011_add_history_response_table":"finished","0012_add_user_data_table":"finished","0013_sanitize_request_response_and_history_methods":"finished","0014_sanitize_response_requestobject_rawmodedata":"finished","0015_add_favorited_collections_table":"finished","0016_add_permission_table":"finished","0017_add_user_preferences_table":"finished","0018_index_header_presets":"finished","0019_migrate_favorite_collections_data":"finished","0020_migrate_sync_client_revision":"finished","0021_clear_permissions":"finished"}]
[10877][1586108224573][shared][info]["Migrations: Updated status in migration context",{"0000_initial":"finished","0001_add_archived_resources_table":"finished","0002_add_variable_sessions_table":"finished","0003_add_editor_tables":"finished","0004_migrate_ws_session_data":"finished","0005_cleanup_request_response_and_history_body":"finished","0006_add_dbp_to_request_response_and_history":"finished","0007_add_sync_client_buckets_by_order_id_table":"finished","0008_migrate_to_sync_client_buckets_by_order_id":"finished","0009_remove_sync_client_buckets_table":"finished","0010_add_history_owner":"finished","0011_add_history_response_table":"finished","0012_add_user_data_table":"finished","0013_sanitize_request_response_and_history_methods":"finished","0014_sanitize_response_requestobject_rawmodedata":"finished","0015_add_favorited_collections_table":"finished","0016_add_permission_table":"finished","0017_add_user_preferences_table":"finished","0018_index_header_presets":"finished","0019_migrate_favorite_collections_data":"finished","0020_migrate_sync_client_revision":"finished","0021_clear_permissions":"finished"}]
[10877][1586108224574][shared][info]["Migrations: Setting context before starting migration","0022_add_workspace_header_presets",{"0000_initial":"finished","0001_add_archived_resources_table":"finished","0002_add_variable_sessions_table":"finished","0003_add_editor_tables":"finished","0004_migrate_ws_session_data":"finished","0005_cleanup_request_response_and_history_body":"finished","0006_add_dbp_to_request_response_and_history":"finished","0007_add_sync_client_buckets_by_order_id_table":"finished","0008_migrate_to_sync_client_buckets_by_order_id":"finished","0009_remove_sync_client_buckets_table":"finished","0010_add_history_owner":"finished","0011_add_history_response_table":"finished","0012_add_user_data_table":"finished","0013_sanitize_request_response_and_history_methods":"finished","0014_sanitize_response_requestobject_rawmodedata":"finished","0015_add_favorited_collections_table":"finished","0016_add_permission_table":"finished","0017_add_user_preferences_table":"finished","0018_index_header_presets":"finished","0019_migrate_favorite_collections_data":"finished","0020_migrate_sync_client_revision":"finished","0021_clear_permissions":"finished","0022_add_workspace_header_presets":"started"}]
[10877][1586108224574][shared][info]["Migrations: Applying migration","0022_add_workspace_header_presets"]
[10877][1586108224574][shared][info]["Migrations: Processing IndexedDB data migration","0022_add_workspace_header_presets"]
[10877][1586108224578][shared][info]["Migration~HeaderPresets: Add workspace property in header presets"]
[10877][1586108224585][shared][info]["Migrations: Saving migration context after completion","0022_add_workspace_header_presets",{"0000_initial":"finished","0001_add_archived_resources_table":"finished","0002_add_variable_sessions_table":"finished","0003_add_editor_tables":"finished","0004_migrate_ws_session_data":"finished","0005_cleanup_request_response_and_history_body":"finished","0006_add_dbp_to_request_response_and_history":"finished","0007_add_sync_client_buckets_by_order_id_table":"finished","0008_migrate_to_sync_client_buckets_by_order_id":"finished","0009_remove_sync_client_buckets_table":"finished","0010_add_history_owner":"finished","0011_add_history_response_table":"finished","0012_add_user_data_table":"finished","0013_sanitize_request_response_and_history_methods":"finished","0014_sanitize_response_requestobject_rawmodedata":"finished","0015_add_favorited_collections_table":"finished","0016_add_permission_table":"finished","0017_add_user_preferences_table":"finished","0018_index_header_presets":"finished","0019_migrate_favorite_collections_data":"finished","0020_migrate_sync_client_revision":"finished","0021_clear_permissions":"finished","0022_add_workspace_header_presets":"started"}]
[10877][1586108224586][shared][info]["Migrations: Starting migration","0023_remove_collection_permissions_and_shared"]
[10877][1586108224586][shared][info]["Migrations: Flushing pending migrations for","0023_remove_collection_permissions_and_shared"]
[10877][1586108224586][shared][info]["Migrations: Updating status in migration context",{"0000_initial":"finished","0001_add_archived_resources_table":"finished","0002_add_variable_sessions_table":"finished","0003_add_editor_tables":"finished","0004_migrate_ws_session_data":"finished","0005_cleanup_request_response_and_history_body":"finished","0006_add_dbp_to_request_response_and_history":"finished","0007_add_sync_client_buckets_by_order_id_table":"finished","0008_migrate_to_sync_client_buckets_by_order_id":"finished","0009_remove_sync_client_buckets_table":"finished","0010_add_history_owner":"finished","0011_add_history_response_table":"finished","0012_add_user_data_table":"finished","0013_sanitize_request_response_and_history_methods":"finished","0014_sanitize_response_requestobject_rawmodedata":"finished","0015_add_favorited_collections_table":"finished","0016_add_permission_table":"finished","0017_add_user_preferences_table":"finished","0018_index_header_presets":"finished","0019_migrate_favorite_collections_data":"finished","0020_migrate_sync_client_revision":"finished","0021_clear_permissions":"finished","0022_add_workspace_header_presets":"finished"}]
[10877][1586108224588][shared][info]["Migrations: Updated status in migration context",{"0000_initial":"finished","0001_add_archived_resources_table":"finished","0002_add_variable_sessions_table":"finished","0003_add_editor_tables":"finished","0004_migrate_ws_session_data":"finished","0005_cleanup_request_response_and_history_body":"finished","0006_add_dbp_to_request_response_and_history":"finished","0007_add_sync_client_buckets_by_order_id_table":"finished","0008_migrate_to_sync_client_buckets_by_order_id":"finished","0009_remove_sync_client_buckets_table":"finished","0010_add_history_owner":"finished","0011_add_history_response_table":"finished","0012_add_user_data_table":"finished","0013_sanitize_request_response_and_history_methods":"finished","0014_sanitize_response_requestobject_rawmodedata":"finished","0015_add_favorited_collections_table":"finished","0016_add_permission_table":"finished","0017_add_user_preferences_table":"finished","0018_index_header_presets":"finished","0019_migrate_favorite_collections_data":"finished","0020_migrate_sync_client_revision":"finished","0021_clear_permissions":"finished","0022_add_workspace_header_presets":"finished"}]
[10877][1586108224589][shared][info]["Migrations: Setting context before starting migration","0023_remove_collection_permissions_and_shared",{"0000_initial":"finished","0001_add_archived_resources_table":"finished","0002_add_variable_sessions_table":"finished","0003_add_editor_tables":"finished","0004_migrate_ws_session_data":"finished","0005_cleanup_request_response_and_history_body":"finished","0006_add_dbp_to_request_response_and_history":"finished","0007_add_sync_client_buckets_by_order_id_table":"finished","0008_migrate_to_sync_client_buckets_by_order_id":"finished","0009_remove_sync_client_buckets_table":"finished","0010_add_history_owner":"finished","0011_add_history_response_table":"finished","0012_add_user_data_table":"finished","0013_sanitize_request_response_and_history_methods":"finished","0014_sanitize_response_requestobject_rawmodedata":"finished","0015_add_favorited_collections_table":"finished","0016_add_permission_table":"finished","0017_add_user_preferences_table":"finished","0018_index_header_presets":"finished","0019_migrate_favorite_collections_data":"finished","0020_migrate_sync_client_revision":"finished","0021_clear_permissions":"finished","0022_add_workspace_header_presets":"finished","0023_remove_collection_permissions_and_shared":"started"}]
[10877][1586108224589][shared][info]["Migrations: Applying migration","0023_remove_collection_permissions_and_shared"]
[10877][1586108224589][shared][info]["Migrations: Processing IndexedDB data migration","0023_remove_collection_permissions_and_shared"]
[10877][1586108224596][shared][info]["Migrations: Saving migration context after completion","0023_remove_collection_permissions_and_shared",{"0000_initial":"finished","0001_add_archived_resources_table":"finished","0002_add_variable_sessions_table":"finished","0003_add_editor_tables":"finished","0004_migrate_ws_session_data":"finished","0005_cleanup_request_response_and_history_body":"finished","0006_add_dbp_to_request_response_and_history":"finished","0007_add_sync_client_buckets_by_order_id_table":"finished","0008_migrate_to_sync_client_buckets_by_order_id":"finished","0009_remove_sync_client_buckets_table":"finished","0010_add_history_owner":"finished","0011_add_history_response_table":"finished","0012_add_user_data_table":"finished","0013_sanitize_request_response_and_history_methods":"finished","0014_sanitize_response_requestobject_rawmodedata":"finished","0015_add_favorited_collections_table":"finished","0016_add_permission_table":"finished","0017_add_user_preferences_table":"finished","0018_index_header_presets":"finished","0019_migrate_favorite_collections_data":"finished","0020_migrate_sync_client_revision":"finished","0021_clear_permissions":"finished","0022_add_workspace_header_presets":"finished","0023_remove_collection_permissions_and_shared":"started"}]
[10877][1586108224597][shared][info]["Migrations: Starting migration","0024_add_console_timelines_table"]
[10877][1586108224597][shared][info]["Migrations: Setting context before starting migration","0024_add_console_timelines_table",{"0000_initial":"finished","0001_add_archived_resources_table":"finished","0002_add_variable_sessions_table":"finished","0003_add_editor_tables":"finished","0004_migrate_ws_session_data":"finished","0005_cleanup_request_response_and_history_body":"finished","0006_add_dbp_to_request_response_and_history":"finished","0007_add_sync_client_buckets_by_order_id_table":"finished","0008_migrate_to_sync_client_buckets_by_order_id":"finished","0009_remove_sync_client_buckets_table":"finished","0010_add_history_owner":"finished","0011_add_history_response_table":"finished","0012_add_user_data_table":"finished","0013_sanitize_request_response_and_history_methods":"finished","0014_sanitize_response_requestobject_rawmodedata":"finished","0015_add_favorited_collections_table":"finished","0016_add_permission_table":"finished","0017_add_user_preferences_table":"finished","0018_index_header_presets":"finished","0019_migrate_favorite_collections_data":"finished","0020_migrate_sync_client_revision":"finished","0021_clear_permissions":"finished","0022_add_workspace_header_presets":"finished","0023_remove_collection_permissions_and_shared":"finished","0024_add_console_timelines_table":"started"}]
[10877][1586108224598][shared][info]["Migrations: Applying migration","0024_add_console_timelines_table"]
[10877][1586108224598][shared][info]["Migrations: Upgrading IndexedDB to version","0024_add_console_timelines_table",13]
[10877][1586108224600][shared][info]["Migrations: Adding pending commit to queue","0024_add_console_timelines_table"]
[10877][1586108224600][shared][info]["Migrations: Starting migration","0025_add_console_events_table"]
[10877][1586108224600][shared][info]["Migrations: Setting context before starting migration","0025_add_console_events_table",{"0000_initial":"finished","0001_add_archived_resources_table":"finished","0002_add_variable_sessions_table":"finished","0003_add_editor_tables":"finished","0004_migrate_ws_session_data":"finished","0005_cleanup_request_response_and_history_body":"finished","0006_add_dbp_to_request_response_and_history":"finished","0007_add_sync_client_buckets_by_order_id_table":"finished","0008_migrate_to_sync_client_buckets_by_order_id":"finished","0009_remove_sync_client_buckets_table":"finished","0010_add_history_owner":"finished","0011_add_history_response_table":"finished","0012_add_user_data_table":"finished","0013_sanitize_request_response_and_history_methods":"finished","0014_sanitize_response_requestobject_rawmodedata":"finished","0015_add_favorited_collections_table":"finished","0016_add_permission_table":"finished","0017_add_user_preferences_table":"finished","0018_index_header_presets":"finished","0019_migrate_favorite_collections_data":"finished","0020_migrate_sync_client_revision":"finished","0021_clear_permissions":"finished","0022_add_workspace_header_presets":"finished","0023_remove_collection_permissions_and_shared":"finished","0024_add_console_timelines_table":"started","0025_add_console_events_table":"started"}]
[10877][1586108224600][shared][info]["Migrations: Applying migration","0025_add_console_events_table"]
[10877][1586108224600][shared][info]["Migrations: Upgrading IndexedDB to version","0025_add_console_events_table",14]
[10877][1586108224602][shared][info]["Migrations: Adding pending commit to queue","0025_add_console_events_table"]
[10877][1586108224604][shared][info]["Migrations: Starting migration","0026_index_console_events"]
[10877][1586108224604][shared][info]["Migrations: Setting context before starting migration","0026_index_console_events",{"0000_initial":"finished","0001_add_archived_resources_table":"finished","0002_add_variable_sessions_table":"finished","0003_add_editor_tables":"finished","0004_migrate_ws_session_data":"finished","0005_cleanup_request_response_and_history_body":"finished","0006_add_dbp_to_request_response_and_history":"finished","0007_add_sync_client_buckets_by_order_id_table":"finished","0008_migrate_to_sync_client_buckets_by_order_id":"finished","0009_remove_sync_client_buckets_table":"finished","0010_add_history_owner":"finished","0011_add_history_response_table":"finished","0012_add_user_data_table":"finished","0013_sanitize_request_response_and_history_methods":"finished","0014_sanitize_response_requestobject_rawmodedata":"finished","0015_add_favorited_collections_table":"finished","0016_add_permission_table":"finished","0017_add_user_preferences_table":"finished","0018_index_header_presets":"finished","0019_migrate_favorite_collections_data":"finished","0020_migrate_sync_client_revision":"finished","0021_clear_permissions":"finished","0022_add_workspace_header_presets":"finished","0023_remove_collection_permissions_and_shared":"finished","0024_add_console_timelines_table":"started","0025_add_console_events_table":"started","0026_index_console_events":"started"}]
[10877][1586108224605][shared][info]["Migrations: Applying migration","0026_index_console_events"]
[10877][1586108224605][shared][info]["Migrations: Upgrading IndexedDB to version","0026_index_console_events",15]
[10877][1586108224606][shared][info]["Migrations: Adding pending commit to queue","0026_index_console_events"]
[10877][1586108224606][shared][info]["Migrations: Starting migration","0027_add_console_blob_table"]
[10877][1586108224606][shared][info]["Migrations: Setting context before starting migration","0027_add_console_blob_table",{"0000_initial":"finished","0001_add_archived_resources_table":"finished","0002_add_variable_sessions_table":"finished","0003_add_editor_tables":"finished","0004_migrate_ws_session_data":"finished","0005_cleanup_request_response_and_history_body":"finished","0006_add_dbp_to_request_response_and_history":"finished","0007_add_sync_client_buckets_by_order_id_table":"finished","0008_migrate_to_sync_client_buckets_by_order_id":"finished","0009_remove_sync_client_buckets_table":"finished","0010_add_history_owner":"finished","0011_add_history_response_table":"finished","0012_add_user_data_table":"finished","0013_sanitize_request_response_and_history_methods":"finished","0014_sanitize_response_requestobject_rawmodedata":"finished","0015_add_favorited_collections_table":"finished","0016_add_permission_table":"finished","0017_add_user_preferences_table":"finished","0018_index_header_presets":"finished","0019_migrate_favorite_collections_data":"finished","0020_migrate_sync_client_revision":"finished","0021_clear_permissions":"finished","0022_add_workspace_header_presets":"finished","0023_remove_collection_permissions_and_shared":"finished","0024_add_console_timelines_table":"started","0025_add_console_events_table":"started","0026_index_console_events":"started","0027_add_console_blob_table":"started"}]
[10877][1586108224607][shared][info]["Migrations: Applying migration","0027_add_console_blob_table"]
[10877][1586108224607][shared][info]["Migrations: Upgrading IndexedDB to version","0027_add_console_blob_table",16]
[10877][1586108224609][shared][info]["Migrations: Adding pending commit to queue","0027_add_console_blob_table"]
[10877][1586108224609][shared][info]["Migrations: Starting migration","0028_add_runner_data_table"]
[10877][1586108224609][shared][info]["Migrations: Setting context before starting migration","0028_add_runner_data_table",{"0000_initial":"finished","0001_add_archived_resources_table":"finished","0002_add_variable_sessions_table":"finished","0003_add_editor_tables":"finished","0004_migrate_ws_session_data":"finished","0005_cleanup_request_response_and_history_body":"finished","0006_add_dbp_to_request_response_and_history":"finished","0007_add_sync_client_buckets_by_order_id_table":"finished","0008_migrate_to_sync_client_buckets_by_order_id":"finished","0009_remove_sync_client_buckets_table":"finished","0010_add_history_owner":"finished","0011_add_history_response_table":"finished","0012_add_user_data_table":"finished","0013_sanitize_request_response_and_history_methods":"finished","0014_sanitize_response_requestobject_rawmodedata":"finished","0015_add_favorited_collections_table":"finished","0016_add_permission_table":"finished","0017_add_user_preferences_table":"finished","0018_index_header_presets":"finished","0019_migrate_favorite_collections_data":"finished","0020_migrate_sync_client_revision":"finished","0021_clear_permissions":"finished","0022_add_workspace_header_presets":"finished","0023_remove_collection_permissions_and_shared":"finished","0024_add_console_timelines_table":"started","0025_add_console_events_table":"started","0026_index_console_events":"started","0027_add_console_blob_table":"started","0028_add_runner_data_table":"started"}]
[10877][1586108224609][shared][info]["Migrations: Applying migration","0028_add_runner_data_table"]
[10877][1586108224609][shared][info]["Migrations: Upgrading IndexedDB to version","0028_add_runner_data_table",17]
[10877][1586108224610][shared][info]["Migrations: Adding pending commit to queue","0028_add_runner_data_table"]
[10877][1586108224610][shared][info]["Migrations: Starting migration","0029_add_api_schema_table"]
[10877][1586108224611][shared][info]["Migrations: Setting context before starting migration","0029_add_api_schema_table",{"0000_initial":"finished","0001_add_archived_resources_table":"finished","0002_add_variable_sessions_table":"finished","0003_add_editor_tables":"finished","0004_migrate_ws_session_data":"finished","0005_cleanup_request_response_and_history_body":"finished","0006_add_dbp_to_request_response_and_history":"finished","0007_add_sync_client_buckets_by_order_id_table":"finished","0008_migrate_to_sync_client_buckets_by_order_id":"finished","0009_remove_sync_client_buckets_table":"finished","0010_add_history_owner":"finished","0011_add_history_response_table":"finished","0012_add_user_data_table":"finished","0013_sanitize_request_response_and_history_methods":"finished","0014_sanitize_response_requestobject_rawmodedata":"finished","0015_add_favorited_collections_table":"finished","0016_add_permission_table":"finished","0017_add_user_preferences_table":"finished","0018_index_header_presets":"finished","0019_migrate_favorite_collections_data":"finished","0020_migrate_sync_client_revision":"finished","0021_clear_permissions":"finished","0022_add_workspace_header_presets":"finished","0023_remove_collection_permissions_and_shared":"finished","0024_add_console_timelines_table":"started","0025_add_console_events_table":"started","0026_index_console_events":"started","0027_add_console_blob_table":"started","0028_add_runner_data_table":"started","0029_add_api_schema_table":"started"}]
[10877][1586108224612][shared][info]["Migrations: Applying migration","0029_add_api_schema_table"]
[10877][1586108224612][shared][info]["Migrations: Upgrading IndexedDB to version","0029_add_api_schema_table",18]
[10877][1586108224614][shared][info]["Migrations: Adding pending commit to queue","0029_add_api_schema_table"]
[10877][1586108224614][shared][info]["Migrations: Starting migration","0030_migrate_collection_runs"]
[10877][1586108224614][shared][info]["Migrations: Flushing pending migrations for","0030_migrate_collection_runs"]
[10877][1586108224614][shared][info]["Migrations: Flushing pending commit for type","IndexeddbSchemaMigration"]
[10877][1586108224614][shared][info]["Migrations: Committing IndexedDB upgrade"]
[10877][1586108224640][shared][info]["Migrations: Updating status in migration context",{"0000_initial":"finished","0001_add_archived_resources_table":"finished","0002_add_variable_sessions_table":"finished","0003_add_editor_tables":"finished","0004_migrate_ws_session_data":"finished","0005_cleanup_request_response_and_history_body":"finished","0006_add_dbp_to_request_response_and_history":"finished","0007_add_sync_client_buckets_by_order_id_table":"finished","0008_migrate_to_sync_client_buckets_by_order_id":"finished","0009_remove_sync_client_buckets_table":"finished","0010_add_history_owner":"finished","0011_add_history_response_table":"finished","0012_add_user_data_table":"finished","0013_sanitize_request_response_and_history_methods":"finished","0014_sanitize_response_requestobject_rawmodedata":"finished","0015_add_favorited_collections_table":"finished","0016_add_permission_table":"finished","0017_add_user_preferences_table":"finished","0018_index_header_presets":"finished","0019_migrate_favorite_collections_data":"finished","0020_migrate_sync_client_revision":"finished","0021_clear_permissions":"finished","0022_add_workspace_header_presets":"finished","0023_remove_collection_permissions_and_shared":"finished","0024_add_console_timelines_table":"started","0025_add_console_events_table":"started","0026_index_console_events":"started","0027_add_console_blob_table":"started","0028_add_runner_data_table":"started","0029_add_api_schema_table":"started"}]
[10877][1586108224647][shared][info]["Migrations: Updated status in migration context",{"0000_initial":"finished","0001_add_archived_resources_table":"finished","0002_add_variable_sessions_table":"finished","0003_add_editor_tables":"finished","0004_migrate_ws_session_data":"finished","0005_cleanup_request_response_and_history_body":"finished","0006_add_dbp_to_request_response_and_history":"finished","0007_add_sync_client_buckets_by_order_id_table":"finished","0008_migrate_to_sync_client_buckets_by_order_id":"finished","0009_remove_sync_client_buckets_table":"finished","0010_add_history_owner":"finished","0011_add_history_response_table":"finished","0012_add_user_data_table":"finished","0013_sanitize_request_response_and_history_methods":"finished","0014_sanitize_response_requestobject_rawmodedata":"finished","0015_add_favorited_collections_table":"finished","0016_add_permission_table":"finished","0017_add_user_preferences_table":"finished","0018_index_header_presets":"finished","0019_migrate_favorite_collections_data":"finished","0020_migrate_sync_client_revision":"finished","0021_clear_permissions":"finished","0022_add_workspace_header_presets":"finished","0023_remove_collection_permissions_and_shared":"finished","0024_add_console_timelines_table":"finished","0025_add_console_events_table":"finished","0026_index_console_events":"finished","0027_add_console_blob_table":"finished","0028_add_runner_data_table":"finished","0029_add_api_schema_table":"finished"}]
[10877][1586108224647][shared][info]["Migrations: Setting context before starting migration","0030_migrate_collection_runs",{"0000_initial":"finished","0001_add_archived_resources_table":"finished","0002_add_variable_sessions_table":"finished","0003_add_editor_tables":"finished","0004_migrate_ws_session_data":"finished","0005_cleanup_request_response_and_history_body":"finished","0006_add_dbp_to_request_response_and_history":"finished","0007_add_sync_client_buckets_by_order_id_table":"finished","0008_migrate_to_sync_client_buckets_by_order_id":"finished","0009_remove_sync_client_buckets_table":"finished","0010_add_history_owner":"finished","0011_add_history_response_table":"finished","0012_add_user_data_table":"finished","0013_sanitize_request_response_and_history_methods":"finished","0014_sanitize_response_requestobject_rawmodedata":"finished","0015_add_favorited_collections_table":"finished","0016_add_permission_table":"finished","0017_add_user_preferences_table":"finished","0018_index_header_presets":"finished","0019_migrate_favorite_collections_data":"finished","0020_migrate_sync_client_revision":"finished","0021_clear_permissions":"finished","0022_add_workspace_header_presets":"finished","0023_remove_collection_permissions_and_shared":"finished","0024_add_console_timelines_table":"finished","0025_add_console_events_table":"finished","0026_index_console_events":"finished","0027_add_console_blob_table":"finished","0028_add_runner_data_table":"finished","0029_add_api_schema_table":"finished","0030_migrate_collection_runs":"started"}]
[10877][1586108224647][shared][info]["Migrations: Applying migration","0030_migrate_collection_runs"]
[10877][1586108224647][shared][info]["Migrations: Processing IndexedDB data migration","0030_migrate_collection_runs"]
[10877][1586108224652][shared][info]["Migration~CollectionRun: Migrating collection runs"]
[10877][1586108224661][shared][info]["Migrations: Saving migration context after completion","0030_migrate_collection_runs",{"0000_initial":"finished","0001_add_archived_resources_table":"finished","0002_add_variable_sessions_table":"finished","0003_add_editor_tables":"finished","0004_migrate_ws_session_data":"finished","0005_cleanup_request_response_and_history_body":"finished","0006_add_dbp_to_request_response_and_history":"finished","0007_add_sync_client_buckets_by_order_id_table":"finished","0008_migrate_to_sync_client_buckets_by_order_id":"finished","0009_remove_sync_client_buckets_table":"finished","0010_add_history_owner":"finished","0011_add_history_response_table":"finished","0012_add_user_data_table":"finished","0013_sanitize_request_response_and_history_methods":"finished","0014_sanitize_response_requestobject_rawmodedata":"finished","0015_add_favorited_collections_table":"finished","0016_add_permission_table":"finished","0017_add_user_preferences_table":"finished","0018_index_header_presets":"finished","0019_migrate_favorite_collections_data":"finished","0020_migrate_sync_client_revision":"finished","0021_clear_permissions":"finished","0022_add_workspace_header_presets":"finished","0023_remove_collection_permissions_and_shared":"finished","0024_add_console_timelines_table":"finished","0025_add_console_events_table":"finished","0026_index_console_events":"finished","0027_add_console_blob_table":"finished","0028_add_runner_data_table":"finished","0029_add_api_schema_table":"finished","0030_migrate_collection_runs":"started"}]
[10877][1586108224662][shared][info]["Migrations: Starting migration","0031_add_api_relation_table"]
[10877][1586108224662][shared][info]["Migrations: Setting context before starting migration","0031_add_api_relation_table",{"0000_initial":"finished","0001_add_archived_resources_table":"finished","0002_add_variable_sessions_table":"finished","0003_add_editor_tables":"finished","0004_migrate_ws_session_data":"finished","0005_cleanup_request_response_and_history_body":"finished","0006_add_dbp_to_request_response_and_history":"finished","0007_add_sync_client_buckets_by_order_id_table":"finished","0008_migrate_to_sync_client_buckets_by_order_id":"finished","0009_remove_sync_client_buckets_table":"finished","0010_add_history_owner":"finished","0011_add_history_response_table":"finished","0012_add_user_data_table":"finished","0013_sanitize_request_response_and_history_methods":"finished","0014_sanitize_response_requestobject_rawmodedata":"finished","0015_add_favorited_collections_table":"finished","0016_add_permission_table":"finished","0017_add_user_preferences_table":"finished","0018_index_header_presets":"finished","0019_migrate_favorite_collections_data":"finished","0020_migrate_sync_client_revision":"finished","0021_clear_permissions":"finished","0022_add_workspace_header_presets":"finished","0023_remove_collection_permissions_and_shared":"finished","0024_add_console_timelines_table":"finished","0025_add_console_events_table":"finished","0026_index_console_events":"finished","0027_add_console_blob_table":"finished","0028_add_runner_data_table":"finished","0029_add_api_schema_table":"finished","0030_migrate_collection_runs":"finished","0031_add_api_relation_table":"started"}]
[10877][1586108224662][shared][info]["Migrations: Applying migration","0031_add_api_relation_table"]
[10877][1586108224663][shared][info]["Migrations: Upgrading IndexedDB to version","0031_add_api_relation_table",19]
[10877][1586108224664][shared][info]["Migrations: Adding pending commit to queue","0031_add_api_relation_table"]
[10877][1586108224664][shared][info]["Migrations: Starting migration","0032_index_workspacesession_editor"]
[10877][1586108224664][shared][info]["Migrations: Setting context before starting migration","0032_index_workspacesession_editor",{"0000_initial":"finished","0001_add_archived_resources_table":"finished","0002_add_variable_sessions_table":"finished","0003_add_editor_tables":"finished","0004_migrate_ws_session_data":"finished","0005_cleanup_request_response_and_history_body":"finished","0006_add_dbp_to_request_response_and_history":"finished","0007_add_sync_client_buckets_by_order_id_table":"finished","0008_migrate_to_sync_client_buckets_by_order_id":"finished","0009_remove_sync_client_buckets_table":"finished","0010_add_history_owner":"finished","0011_add_history_response_table":"finished","0012_add_user_data_table":"finished","0013_sanitize_request_response_and_history_methods":"finished","0014_sanitize_response_requestobject_rawmodedata":"finished","0015_add_favorited_collections_table":"finished","0016_add_permission_table":"finished","0017_add_user_preferences_table":"finished","0018_index_header_presets":"finished","0019_migrate_favorite_collections_data":"finished","0020_migrate_sync_client_revision":"finished","0021_clear_permissions":"finished","0022_add_workspace_header_presets":"finished","0023_remove_collection_permissions_and_shared":"finished","0024_add_console_timelines_table":"finished","0025_add_console_events_table":"finished","0026_index_console_events":"finished","0027_add_console_blob_table":"finished","0028_add_runner_data_table":"finished","0029_add_api_schema_table":"finished","0030_migrate_collection_runs":"finished","0031_add_api_relation_table":"started","0032_index_workspacesession_editor":"started"}]
[10877][1586108224665][shared][info]["Migrations: Applying migration","0032_index_workspacesession_editor"]
[10877][1586108224665][shared][info]["Migrations: Upgrading IndexedDB to version","0032_index_workspacesession_editor",20]
[10877][1586108224667][shared][info]["Migrations: Adding pending commit to queue","0032_index_workspacesession_editor"]
[10877][1586108224667][shared][info]["Migrations: Starting migration","0033_add_editor_data_cache_table"]
[10877][1586108224667][shared][info]["Migrations: Setting context before starting migration","0033_add_editor_data_cache_table",{"0000_initial":"finished","0001_add_archived_resources_table":"finished","0002_add_variable_sessions_table":"finished","0003_add_editor_tables":"finished","0004_migrate_ws_session_data":"finished","0005_cleanup_request_response_and_history_body":"finished","0006_add_dbp_to_request_response_and_history":"finished","0007_add_sync_client_buckets_by_order_id_table":"finished","0008_migrate_to_sync_client_buckets_by_order_id":"finished","0009_remove_sync_client_buckets_table":"finished","0010_add_history_owner":"finished","0011_add_history_response_table":"finished","0012_add_user_data_table":"finished","0013_sanitize_request_response_and_history_methods":"finished","0014_sanitize_response_requestobject_rawmodedata":"finished","0015_add_favorited_collections_table":"finished","0016_add_permission_table":"finished","0017_add_user_preferences_table":"finished","0018_index_header_presets":"finished","0019_migrate_favorite_collections_data":"finished","0020_migrate_sync_client_revision":"finished","0021_clear_permissions":"finished","0022_add_workspace_header_presets":"finished","0023_remove_collection_permissions_and_shared":"finished","0024_add_console_timelines_table":"finished","0025_add_console_events_table":"finished","0026_index_console_events":"finished","0027_add_console_blob_table":"finished","0028_add_runner_data_table":"finished","0029_add_api_schema_table":"finished","0030_migrate_collection_runs":"finished","0031_add_api_relation_table":"started","0032_index_workspacesession_editor":"started","0033_add_editor_data_cache_table":"started"}]
[10877][1586108224667][shared][info]["Migrations: Applying migration","0033_add_editor_data_cache_table"]
[10877][1586108224667][shared][info]["Migrations: Upgrading IndexedDB to version","0033_add_editor_data_cache_table",21]
[10877][1586108224674][shared][info]["Migrations: Adding pending commit to queue","0033_add_editor_data_cache_table"]
[10877][1586108224674][shared][info]["Migrations: Flushing pending commit steps"]
[10877][1586108224674][shared][info]["Migrations: Flushing pending commit for type","IndexeddbSchemaMigration"]
[10877][1586108224674][shared][info]["Migrations: Committing IndexedDB upgrade"]
[10877][1586108224689][shared][info]["Migrations: Updating status in migration context",{"0000_initial":"finished","0001_add_archived_resources_table":"finished","0002_add_variable_sessions_table":"finished","0003_add_editor_tables":"finished","0004_migrate_ws_session_data":"finished","0005_cleanup_request_response_and_history_body":"finished","0006_add_dbp_to_request_response_and_history":"finished","0007_add_sync_client_buckets_by_order_id_table":"finished","0008_migrate_to_sync_client_buckets_by_order_id":"finished","0009_remove_sync_client_buckets_table":"finished","0010_add_history_owner":"finished","0011_add_history_response_table":"finished","0012_add_user_data_table":"finished","0013_sanitize_request_response_and_history_methods":"finished","0014_sanitize_response_requestobject_rawmodedata":"finished","0015_add_favorited_collections_table":"finished","0016_add_permission_table":"finished","0017_add_user_preferences_table":"finished","0018_index_header_presets":"finished","0019_migrate_favorite_collections_data":"finished","0020_migrate_sync_client_revision":"finished","0021_clear_permissions":"finished","0022_add_workspace_header_presets":"finished","0023_remove_collection_permissions_and_shared":"finished","0024_add_console_timelines_table":"finished","0025_add_console_events_table":"finished","0026_index_console_events":"finished","0027_add_console_blob_table":"finished","0028_add_runner_data_table":"finished","0029_add_api_schema_table":"finished","0030_migrate_collection_runs":"finished","0031_add_api_relation_table":"started","0032_index_workspacesession_editor":"started","0033_add_editor_data_cache_table":"started"}]
[10877][1586108224690][shared][info]["Migrations: Updated status in migration context",{"0000_initial":"finished","0001_add_archived_resources_table":"finished","0002_add_variable_sessions_table":"finished","0003_add_editor_tables":"finished","0004_migrate_ws_session_data":"finished","0005_cleanup_request_response_and_history_body":"finished","0006_add_dbp_to_request_response_and_history":"finished","0007_add_sync_client_buckets_by_order_id_table":"finished","0008_migrate_to_sync_client_buckets_by_order_id":"finished","0009_remove_sync_client_buckets_table":"finished","0010_add_history_owner":"finished","0011_add_history_response_table":"finished","0012_add_user_data_table":"finished","0013_sanitize_request_response_and_history_methods":"finished","0014_sanitize_response_requestobject_rawmodedata":"finished","0015_add_favorited_collections_table":"finished","0016_add_permission_table":"finished","0017_add_user_preferences_table":"finished","0018_index_header_presets":"finished","0019_migrate_favorite_collections_data":"finished","0020_migrate_sync_client_revision":"finished","0021_clear_permissions":"finished","0022_add_workspace_header_presets":"finished","0023_remove_collection_permissions_and_shared":"finished","0024_add_console_timelines_table":"finished","0025_add_console_events_table":"finished","0026_index_console_events":"finished","0027_add_console_blob_table":"finished","0028_add_runner_data_table":"finished","0029_add_api_schema_table":"finished","0030_migrate_collection_runs":"finished","0031_add_api_relation_table":"finished","0032_index_workspacesession_editor":"finished","0033_add_editor_data_cache_table":"finished"}]
[10877][1586108224691][shared][info]["Migration: Finished all migrations"]
[10877][1586108224858][shared][info]["bootstrapModels - Success"]
[10877][1586108224859][shared][info]["WLModels~boot - Success"]
[10877][1586108224899][shared][info]["initializeConfigurationsValues - Success"]
[10877][1586108224910][shared][info]["Migrate - Bailed out due to:","FRESH_INSTALL"]
[10877][1586108224937][shared][info]["AppModels~boot - Success"]
[10877][1586108224943][shared][info]["SharedRuntimeListeners~boot - Success"]
[10877][1586108224974][shared][info]["Sync~boot - Success"]
[10877][1586108225041][shared][info]["Shared~boot - Success"]
[10877][1586108225048][shared][info]["booted - shared"]
[10877][1586108235811][shared][info]["UI pulled the session locked information on init"]
[11184][1586108253663][shared][info]["EventBus~initialize - Success"]
[11184][1586108253670][shared][info]["Messaging~boot - Success"]
[11184][1586108253691][shared][info]["bootCrashReporter~ Success"]
[11184][1586108253695][shared][info]["Telemetry~boot - Success"]
[11184][1586108253698][shared][info]["bootConfigurations~initialize - Success"]
[11184][1586108253701][shared][info]["Settings~boot - Success"]
[11184][1586108253704][shared][info]["Migrations: Skipping migrations. No migrations to apply."]
[11184][1586108253911][shared][info]["bootstrapModels - Success"]
[11184][1586108253911][shared][info]["WLModels~boot - Success"]
[11184][1586108253951][shared][info]["initializeConfigurationsValues - Success"]
[11184][1586108253987][shared][info]["Migrate - Bailed out due to:","FRESH_INSTALL"]
[11184][1586108254016][shared][info]["AppModels~boot - Success"]
[11184][1586108254022][shared][info]["SharedRuntimeListeners~boot - Success"]
[11184][1586108254067][shared][info]["Sync~boot - Success"]
[11184][1586108254092][shared][info]["Shared~boot - Success"]
[11184][1586108254100][shared][info]["booted - shared"]
[11184][1586108262833][shared][info]["UI pulled the session locked information on init"]
[11722][1586108347767][shared][info]["EventBus~initialize - Success"]
[11722][1586108347770][shared][info]["Messaging~boot - Success"]
[11722][1586108347785][shared][info]["bootCrashReporter~ Success"]
[11722][1586108347787][shared][info]["Telemetry~boot - Success"]
[11722][1586108347789][shared][info]["bootConfigurations~initialize - Success"]
[11722][1586108347791][shared][info]["Settings~boot - Success"]
[11722][1586108347792][shared][info]["Migrations: Skipping migrations. No migrations to apply."]
[11722][1586108347972][shared][info]["bootstrapModels - Success"]
[11722][1586108347973][shared][info]["WLModels~boot - Success"]
[11722][1586108348006][shared][info]["initializeConfigurationsValues - Success"]
[11722][1586108348019][shared][info]["Migrate - Bailed out due to:","FRESH_INSTALL"]
[11722][1586108348045][shared][info]["AppModels~boot - Success"]
[11722][1586108348051][shared][info]["SharedRuntimeListeners~boot - Success"]
[11722][1586108348120][shared][info]["Sync~boot - Success"]
[11722][1586108348151][shared][info]["Shared~boot - Success"]
[11722][1586108348159][shared][info]["booted - shared"]
[11722][1586108359543][shared][info]["UI pulled the session locked information on init"]
[12089][1586108419405][shared][info]["EventBus~initialize - Success"]
[12089][1586108419410][shared][info]["Messaging~boot - Success"]
[12089][1586108419434][shared][info]["bootCrashReporter~ Success"]
[12089][1586108419437][shared][info]["Telemetry~boot - Success"]
[12089][1586108419438][shared][info]["bootConfigurations~initialize - Success"]
[12089][1586108419444][shared][info]["Settings~boot - Success"]
[12089][1586108419444][shared][info]["Migrations: Skipping migrations. No migrations to apply."]
[12089][1586108419628][shared][info]["bootstrapModels - Success"]
[12089][1586108419630][shared][info]["WLModels~boot - Success"]
[12089][1586108419669][shared][info]["initializeConfigurationsValues - Success"]
[12089][1586108419681][shared][info]["Migrate - Bailed out due to:","FRESH_INSTALL"]
[12089][1586108419714][shared][info]["AppModels~boot - Success"]
[12089][1586108419723][shared][info]["SharedRuntimeListeners~boot - Success"]
[12089][1586108419788][shared][info]["Sync~boot - Success"]
[12089][1586108419824][shared][info]["Shared~boot - Success"]
[12089][1586108419836][shared][info]["booted - shared"]
[12089][1586108428082][shared][info]["UI pulled the session locked information on init"]
[25413][1586117246423][shared][info]["EventBus~initialize - Success"]
[25413][1586117246429][shared][info]["Messaging~boot - Success"]
[25413][1586117246451][shared][info]["bootCrashReporter~ Success"]
[25413][1586117246452][shared][info]["Telemetry~boot - Success"]
[25413][1586117246454][shared][info]["bootConfigurations~initialize - Success"]
[25413][1586117246456][shared][info]["Settings~boot - Success"]
[25413][1586117246457][shared][info]["Migrations: Skipping migrations. No migrations to apply."]
[25413][1586117246685][shared][info]["bootstrapModels - Success"]
[25413][1586117246686][shared][info]["WLModels~boot - Success"]
[25413][1586117246741][shared][info]["initializeConfigurationsValues - Success"]
[25413][1586117246751][shared][info]["Migrate - Bailed out due to:","FRESH_INSTALL"]
[25413][1586117246772][shared][info]["AppModels~boot - Success"]
[25413][1586117246778][shared][info]["SharedRuntimeListeners~boot - Success"]
[25413][1586117246822][shared][info]["Sync~boot - Success"]
[25413][1586117246845][shared][info]["Shared~boot - Success"]
[25413][1586117246849][shared][info]["booted - shared"]
[25413][1586117256539][shared][info]["UI pulled the session locked information on init"]
[8372][1586194739475][shared][info]["EventBus~initialize - Success"]
[8372][1586194739479][shared][info]["Messaging~boot - Success"]
[8372][1586194739497][shared][info]["bootCrashReporter~ Success"]
[8372][1586194739503][shared][info]["Telemetry~boot - Success"]
[8372][1586194739505][shared][info]["bootConfigurations~initialize - Success"]
[8372][1586194739510][shared][info]["Settings~boot - Success"]
[8372][1586194739510][shared][info]["Migrations: Skipping migrations. No migrations to apply."]
[8372][1586194739680][shared][info]["bootstrapModels - Success"]
[8372][1586194739680][shared][info]["WLModels~boot - Success"]
[8372][1586194739709][shared][info]["initializeConfigurationsValues - Success"]
[8372][1586194739728][shared][info]["Migrate - Bailed out due to:","FRESH_INSTALL"]
[8372][1586194739754][shared][info]["AppModels~boot - Success"]
[8372][1586194739758][shared][info]["SharedRuntimeListeners~boot - Success"]
[8372][1586194739802][shared][info]["Sync~boot - Success"]
[8372][1586194739821][shared][info]["Shared~boot - Success"]
[8372][1586194739824][shared][info]["booted - shared"]
[8372][1586194749653][shared][info]["UI pulled the session locked information on init"]
