[10877][1586108231995][requester][info]["EventBus~initialize - Success"]
[10877][1586108232000][requester][info]["Messaging~boot - Success"]
[10877][1586108232034][requester][info]["bootCrashReporter~ Success"]
[10877][1586108232036][requester][info]["Telemetry~boot - Success"]
[10877][1586108232037][requester][info]["bootConfigurations~initialize - Success"]
[10877][1586108232041][requester][info]["Settings~boot - Success"]
[10877][1586108232146][requester][info]["bootstrapModels - Success"]
[10877][1586108232147][requester][info]["WLModels~boot - Success"]
[10877][1586108232235][requester][info]["Session~boot - Success"]
[10877][1586108232241][requester][info]["IndependentServices~boot - Success"]
[10877][1586108232266][requester][info]["AppModels~boot - Success"]
[10877][1586108232267][requester][info]["RuntimeListeners~boot- Success"]
[10877][1586108232267][requester][info]["DBWatcher~boot - Success"]
[10877][1586108232271][requester][info]["ThemeManager~boot - Success"]
[10877][1586108232272][requester][info]["Store~boot - Success"]
[10877][1586108232275][requester][info]["Shortcuts~boot - Success"]
[10877][1586108232276][requester][info]["SyncProxy~boot - Success"]
[10877][1586108232308][requester][info]["NewConsole~boot - Success"]
[10877][1586108232308][requester][info]["APIDevInterface~boot - Success"]
[10877][1586108232356][requester][info]["Requester~boot - Success"]
[10877][1586108232361][requester][info]["booted - requester"]
[10877][1586108232433][requester][warn]["CloudProxyHandler: Error while reading proxy configuration from user data - ",{"errno":-2,"code":"ENOENT","syscall":"open","path":"/home/test/.config/Postman/Postman_Config/proxy","name":"Error","message":"ENOENT: no such file or directory, open '/home/test/.config/Postman/Postman_Config/proxy'","stack":"Error: ENOENT: no such file or directory, open '/home/test/.config/Postman/Postman_Config/proxy'"}]
[10877][1586108235809][requester][info]["SessionValidation - Registering listener"]
[10877][1586108235894][requester][warn]["FeatureFlagsStore~updateFlags: Could not find feature flags",{"error":{"message":"SyncRequestService\\x7erequestListener: Could not fetch from sync. Socket not connected."}}]
[11184][1586108259127][requester][info]["EventBus~initialize - Success"]
[11184][1586108259134][requester][info]["Messaging~boot - Success"]
[11184][1586108259177][requester][info]["bootCrashReporter~ Success"]
[11184][1586108259178][requester][info]["Telemetry~boot - Success"]
[11184][1586108259181][requester][info]["bootConfigurations~initialize - Success"]
[11184][1586108259183][requester][info]["Settings~boot - Success"]
[11184][1586108259311][requester][info]["bootstrapModels - Success"]
[11184][1586108259312][requester][info]["WLModels~boot - Success"]
[11184][1586108259371][requester][info]["Session~boot - Success"]
[11184][1586108259375][requester][info]["IndependentServices~boot - Success"]
[11184][1586108259395][requester][info]["AppModels~boot - Success"]
[11184][1586108259395][requester][info]["RuntimeListeners~boot- Success"]
[11184][1586108259395][requester][info]["DBWatcher~boot - Success"]
[11184][1586108259400][requester][info]["ThemeManager~boot - Success"]
[11184][1586108259400][requester][info]["Store~boot - Success"]
[11184][1586108259403][requester][info]["Shortcuts~boot - Success"]
[11184][1586108259404][requester][info]["SyncProxy~boot - Success"]
[11184][1586108259444][requester][info]["NewConsole~boot - Success"]
[11184][1586108259445][requester][info]["APIDevInterface~boot - Success"]
[11184][1586108259493][requester][info]["Requester~boot - Success"]
[11184][1586108259494][requester][info]["booted - requester"]
[11184][1586108259591][requester][warn]["CloudProxyHandler: Error while reading proxy configuration from user data - ",{"errno":-2,"code":"ENOENT","syscall":"open","path":"/home/test/.config/Postman/Postman_Config/proxy","name":"Error","message":"ENOENT: no such file or directory, open '/home/test/.config/Postman/Postman_Config/proxy'","stack":"Error: ENOENT: no such file or directory, open '/home/test/.config/Postman/Postman_Config/proxy'"}]
[11184][1586108262831][requester][info]["SessionValidation - Registering listener"]
[11722][1586108354340][requester][info]["EventBus~initialize - Success"]
[11722][1586108354350][requester][info]["Messaging~boot - Success"]
[11722][1586108354449][requester][info]["bootCrashReporter~ Success"]
[11722][1586108354454][requester][info]["Telemetry~boot - Success"]
[11722][1586108354464][requester][info]["bootConfigurations~initialize - Success"]
[11722][1586108354473][requester][info]["Settings~boot - Success"]
[11722][1586108354727][requester][info]["bootstrapModels - Success"]
[11722][1586108354729][requester][info]["WLModels~boot - Success"]
[11722][1586108354827][requester][info]["Session~boot - Success"]
[11722][1586108354837][requester][info]["IndependentServices~boot - Success"]
[11722][1586108354871][requester][info]["AppModels~boot - Success"]
[11722][1586108354872][requester][info]["RuntimeListeners~boot- Success"]
[11722][1586108354872][requester][info]["DBWatcher~boot - Success"]
[11722][1586108354879][requester][info]["ThemeManager~boot - Success"]
[11722][1586108354880][requester][info]["Store~boot - Success"]
[11722][1586108354884][requester][info]["Shortcuts~boot - Success"]
[11722][1586108354891][requester][info]["SyncProxy~boot - Success"]
[11722][1586108354942][requester][info]["NewConsole~boot - Success"]
[11722][1586108354947][requester][info]["APIDevInterface~boot - Success"]
[11722][1586108355034][requester][info]["Requester~boot - Success"]
[11722][1586108355036][requester][info]["booted - requester"]
[11722][1586108355143][requester][warn]["CloudProxyHandler: Error while reading proxy configuration from user data - ",{"errno":-2,"code":"ENOENT","syscall":"open","path":"/home/test/.config/Postman/Postman_Config/proxy","name":"Error","message":"ENOENT: no such file or directory, open '/home/test/.config/Postman/Postman_Config/proxy'","stack":"Error: ENOENT: no such file or directory, open '/home/test/.config/Postman/Postman_Config/proxy'"}]
[11722][1586108359537][requester][info]["SessionValidation - Registering listener"]
[11722][1586108359779][requester][warn]["FeatureFlagsStore~updateFlags: Could not find feature flags",{"error":{"message":"SyncRequestService\\x7erequestListener: Could not fetch from sync. Socket not connected."}}]
[12089][1586108424281][requester][info]["EventBus~initialize - Success"]
[12089][1586108424286][requester][info]["Messaging~boot - Success"]
[12089][1586108424328][requester][info]["bootCrashReporter~ Success"]
[12089][1586108424330][requester][info]["Telemetry~boot - Success"]
[12089][1586108424331][requester][info]["bootConfigurations~initialize - Success"]
[12089][1586108424337][requester][info]["Settings~boot - Success"]
[12089][1586108424465][requester][info]["bootstrapModels - Success"]
[12089][1586108424465][requester][info]["WLModels~boot - Success"]
[12089][1586108424518][requester][info]["Session~boot - Success"]
[12089][1586108424524][requester][info]["IndependentServices~boot - Success"]
[12089][1586108424547][requester][info]["AppModels~boot - Success"]
[12089][1586108424548][requester][info]["RuntimeListeners~boot- Success"]
[12089][1586108424549][requester][info]["DBWatcher~boot - Success"]
[12089][1586108424553][requester][info]["ThemeManager~boot - Success"]
[12089][1586108424554][requester][info]["Store~boot - Success"]
[12089][1586108424556][requester][info]["Shortcuts~boot - Success"]
[12089][1586108424557][requester][info]["SyncProxy~boot - Success"]
[12089][1586108424595][requester][info]["NewConsole~boot - Success"]
[12089][1586108424596][requester][info]["APIDevInterface~boot - Success"]
[12089][1586108424634][requester][info]["Requester~boot - Success"]
[12089][1586108424636][requester][info]["booted - requester"]
[12089][1586108424692][requester][warn]["CloudProxyHandler: Error while reading proxy configuration from user data - ",{"errno":-2,"code":"ENOENT","syscall":"open","path":"/home/test/.config/Postman/Postman_Config/proxy","name":"Error","message":"ENOENT: no such file or directory, open '/home/test/.config/Postman/Postman_Config/proxy'","stack":"Error: ENOENT: no such file or directory, open '/home/test/.config/Postman/Postman_Config/proxy'"}]
[12089][1586108428079][requester][info]["SessionValidation - Registering listener"]
[12089][1586108428146][requester][warn]["FeatureFlagsStore~updateFlags: Could not find feature flags",{"error":{"message":"SyncRequestService\\x7erequestListener: Could not fetch from sync. Socket not connected."}}]
[25413][1586117252231][requester][info]["EventBus~initialize - Success"]
[25413][1586117252236][requester][info]["Messaging~boot - Success"]
[25413][1586117252281][requester][info]["bootCrashReporter~ Success"]
[25413][1586117252284][requester][info]["Telemetry~boot - Success"]
[25413][1586117252287][requester][info]["bootConfigurations~initialize - Success"]
[25413][1586117252292][requester][info]["Settings~boot - Success"]
[25413][1586117252423][requester][info]["bootstrapModels - Success"]
[25413][1586117252424][requester][info]["WLModels~boot - Success"]
[25413][1586117252492][requester][info]["Session~boot - Success"]
[25413][1586117252498][requester][info]["IndependentServices~boot - Success"]
[25413][1586117252521][requester][info]["AppModels~boot - Success"]
[25413][1586117252521][requester][info]["RuntimeListeners~boot- Success"]
[25413][1586117252523][requester][info]["DBWatcher~boot - Success"]
[25413][1586117252530][requester][info]["ThemeManager~boot - Success"]
[25413][1586117252530][requester][info]["Store~boot - Success"]
[25413][1586117252533][requester][info]["Shortcuts~boot - Success"]
[25413][1586117252533][requester][info]["SyncProxy~boot - Success"]
[25413][1586117252605][requester][info]["NewConsole~boot - Success"]
[25413][1586117252606][requester][info]["APIDevInterface~boot - Success"]
[25413][1586117252650][requester][info]["Requester~boot - Success"]
[25413][1586117252660][requester][info]["booted - requester"]
[25413][1586117252772][requester][warn]["CloudProxyHandler: Error while reading proxy configuration from user data - ",{"errno":-2,"code":"ENOENT","syscall":"open","path":"/home/test/.config/Postman/Postman_Config/proxy","name":"Error","message":"ENOENT: no such file or directory, open '/home/test/.config/Postman/Postman_Config/proxy'","stack":"Error: ENOENT: no such file or directory, open '/home/test/.config/Postman/Postman_Config/proxy'"}]
[25413][1586117256537][requester][info]["SessionValidation - Registering listener"]
[25413][1586117256586][requester][warn]["FeatureFlagsStore~updateFlags: Could not find feature flags",{"error":{"message":"SyncRequestService\\x7erequestListener: Could not fetch from sync. Socket not connected."}}]
[8372][1586194745409][requester][info]["EventBus~initialize - Success"]
[8372][1586194745413][requester][info]["Messaging~boot - Success"]
[8372][1586194745448][requester][info]["bootCrashReporter~ Success"]
[8372][1586194745450][requester][info]["Telemetry~boot - Success"]
[8372][1586194745452][requester][info]["bootConfigurations~initialize - Success"]
[8372][1586194745456][requester][info]["Settings~boot - Success"]
[8372][1586194745586][requester][info]["bootstrapModels - Success"]
[8372][1586194745586][requester][info]["WLModels~boot - Success"]
[8372][1586194745640][requester][info]["Session~boot - Success"]
[8372][1586194745645][requester][info]["IndependentServices~boot - Success"]
[8372][1586194745665][requester][info]["AppModels~boot - Success"]
[8372][1586194745665][requester][info]["RuntimeListeners~boot- Success"]
[8372][1586194745666][requester][info]["DBWatcher~boot - Success"]
[8372][1586194745670][requester][info]["ThemeManager~boot - Success"]
[8372][1586194745671][requester][info]["Store~boot - Success"]
[8372][1586194745673][requester][info]["Shortcuts~boot - Success"]
[8372][1586194745674][requester][info]["SyncProxy~boot - Success"]
[8372][1586194745716][requester][info]["NewConsole~boot - Success"]
[8372][1586194745717][requester][info]["APIDevInterface~boot - Success"]
[8372][1586194745755][requester][info]["Requester~boot - Success"]
[8372][1586194745756][requester][info]["booted - requester"]
[8372][1586194745823][requester][warn]["CloudProxyHandler: Error while reading proxy configuration from user data - ",{"errno":-2,"code":"ENOENT","syscall":"open","path":"/home/test/.config/Postman/Postman_Config/proxy","name":"Error","message":"ENOENT: no such file or directory, open '/home/test/.config/Postman/Postman_Config/proxy'","stack":"Error: ENOENT: no such file or directory, open '/home/test/.config/Postman/Postman_Config/proxy'"}]
[8372][1586194749650][requester][info]["SessionValidation - Registering listener"]
[8372][1586194749747][requester][warn]["FeatureFlagsStore~updateFlags: Could not find feature flags",{"error":{"message":"SyncRequestService\\x7erequestListener: Could not fetch from sync. Socket not connected."}}]
