[10877][1586108215143][shell][info]["EventBus~initialize - Success"]
[10877][1586108215199][shell][info]["bootShellCrashReporter~ Success"]
[10877][1586108215213][shell][info]["shellController~init: Success"]
[10877][1586108215213][shell][info]["shellMeta~init: Success"]
[10877][1586108215308][shell][info]["init~setViewAttributes - Initializing view with opts:",{"devtools":false,"id":2,"startTime":1586108213734,"type":"shared","partitionId":"default"}]
[10877][1586108215317][shell][info]["init~setViewAttributes - Success"]
[10877][1586108226800][shell][info]["EventBus~initialize - Success"]
[10877][1586108226857][shell][info]["bootShellCrashReporter~ Success"]
[10877][1586108226888][shell][info]["shellController~init: Success"]
[10877][1586108226889][shell][info]["shellMeta~init: Success"]
[10877][1586108226976][shell][info]["init~setViewAttributes - Initializing view with opts:",{"allIds":[4],"devtools":false,"id":4,"primaryId":4,"startTime":1586108225145,"type":"requester","partitionId":"default"}]
[10877][1586108226988][shell][info]["init~setViewAttributes - Success"]
[11184][1586108250097][shell][info]["EventBus~initialize - Success"]
[11184][1586108250116][shell][info]["bootShellCrashReporter~ Success"]
[11184][1586108250124][shell][info]["shellController~init: Success"]
[11184][1586108250125][shell][info]["shellMeta~init: Success"]
[11184][1586108250163][shell][info]["init~setViewAttributes - Initializing view with opts:",{"devtools":false,"id":2,"startTime":1586108249031,"type":"shared","partitionId":"default"}]
[11184][1586108250170][shell][info]["init~setViewAttributes - Success"]
[11184][1586108255075][shell][info]["EventBus~initialize - Success"]
[11184][1586108255088][shell][info]["bootShellCrashReporter~ Success"]
[11184][1586108255097][shell][info]["shellController~init: Success"]
[11184][1586108255097][shell][info]["shellMeta~init: Success"]
[11184][1586108255130][shell][info]["init~setViewAttributes - Initializing view with opts:",{"allIds":[3],"devtools":false,"id":3,"primaryId":3,"startTime":1586108254252,"type":"requester","partitionId":"default"}]
[11184][1586108255134][shell][info]["init~setViewAttributes - Success"]
[11722][1586108343637][shell][info]["EventBus~initialize - Success"]
[11722][1586108343661][shell][info]["bootShellCrashReporter~ Success"]
[11722][1586108343670][shell][info]["shellController~init: Success"]
[11722][1586108343671][shell][info]["shellMeta~init: Success"]
[11722][1586108343745][shell][info]["init~setViewAttributes - Initializing view with opts:",{"devtools":false,"id":2,"startTime":1586108342407,"type":"shared","partitionId":"default"}]
[11722][1586108343763][shell][info]["init~setViewAttributes - Success"]
[11722][1586108349159][shell][info]["EventBus~initialize - Success"]
[11722][1586108349174][shell][info]["bootShellCrashReporter~ Success"]
[11722][1586108349177][shell][info]["shellController~init: Success"]
[11722][1586108349178][shell][info]["shellMeta~init: Success"]
[11722][1586108349211][shell][info]["init~setViewAttributes - Initializing view with opts:",{"allIds":[3],"devtools":false,"id":3,"primaryId":3,"startTime":1586108348342,"type":"requester","partitionId":"default"}]
[11722][1586108349217][shell][info]["init~setViewAttributes - Success"]
[12089][1586108415539][shell][info]["EventBus~initialize - Success"]
[12089][1586108415567][shell][info]["bootShellCrashReporter~ Success"]
[12089][1586108415573][shell][info]["shellController~init: Success"]
[12089][1586108415573][shell][info]["shellMeta~init: Success"]
[12089][1586108415636][shell][info]["init~setViewAttributes - Initializing view with opts:",{"devtools":false,"id":2,"startTime":1586108414126,"type":"shared","partitionId":"default"}]
[12089][1586108415644][shell][info]["init~setViewAttributes - Success"]
[12089][1586108420697][shell][info]["EventBus~initialize - Success"]
[12089][1586108420712][shell][info]["bootShellCrashReporter~ Success"]
[12089][1586108420716][shell][info]["shellController~init: Success"]
[12089][1586108420717][shell][info]["shellMeta~init: Success"]
[12089][1586108420754][shell][info]["init~setViewAttributes - Initializing view with opts:",{"allIds":[3],"devtools":false,"id":3,"primaryId":3,"startTime":1586108419987,"type":"requester","partitionId":"default"}]
[12089][1586108420757][shell][info]["init~setViewAttributes - Success"]
[25413][1586117242535][shell][info]["EventBus~initialize - Success"]
[25413][1586117242552][shell][info]["bootShellCrashReporter~ Success"]
[25413][1586117242556][shell][info]["shellController~init: Success"]
[25413][1586117242557][shell][info]["shellMeta~init: Success"]
[25413][1586117242597][shell][info]["init~setViewAttributes - Initializing view with opts:",{"devtools":false,"id":2,"startTime":1586117241288,"type":"shared","partitionId":"default"}]
[25413][1586117242604][shell][info]["init~setViewAttributes - Success"]
[25413][1586117247760][shell][info]["EventBus~initialize - Success"]
[25413][1586117247774][shell][info]["bootShellCrashReporter~ Success"]
[25413][1586117247778][shell][info]["shellController~init: Success"]
[25413][1586117247782][shell][info]["shellMeta~init: Success"]
[25413][1586117247814][shell][info]["init~setViewAttributes - Initializing view with opts:",{"allIds":[3],"devtools":false,"id":3,"primaryId":3,"startTime":1586117246979,"type":"requester","partitionId":"default"}]
[25413][1586117247818][shell][info]["init~setViewAttributes - Success"]
[8372][1586194735865][shell][info]["EventBus~initialize - Success"]
[8372][1586194735887][shell][info]["bootShellCrashReporter~ Success"]
[8372][1586194735891][shell][info]["shellController~init: Success"]
[8372][1586194735892][shell][info]["shellMeta~init: Success"]
[8372][1586194735927][shell][info]["init~setViewAttributes - Initializing view with opts:",{"devtools":false,"id":2,"startTime":1586194734807,"type":"shared","partitionId":"default"}]
[8372][1586194735933][shell][info]["init~setViewAttributes - Success"]
[8372][1586194740893][shell][info]["EventBus~initialize - Success"]
[8372][1586194740909][shell][info]["bootShellCrashReporter~ Success"]
[8372][1586194740911][shell][info]["shellController~init: Success"]
[8372][1586194740912][shell][info]["shellMeta~init: Success"]
[8372][1586194740953][shell][info]["init~setViewAttributes - Initializing view with opts:",{"allIds":[3],"devtools":false,"id":3,"primaryId":3,"startTime":1586194739903,"type":"requester","partitionId":"default"}]
[8372][1586194740957][shell][info]["init~setViewAttributes - Success"]
